[18-Nov-2020 12:44:15 UTC] PHP Warning:  scandir(C:\Users\rafly\Local Sites\groundcrewdb\app\public/wp-content/uploads/elementor/tmp/5fb5171f99e7f,C:\Users\rafly\Local Sites\groundcrewdb\app\public/wp-content/uploads/elementor/tmp/5fb5171f99e7f): The system cannot find the path specified. (code: 3) in C:\Users\rafly\Local Sites\groundcrewdb\app\public\wp-content\plugins\elementor\includes\template-library\sources\local.php on line 808
[18-Nov-2020 12:44:15 UTC] PHP Stack trace:
[18-Nov-2020 12:44:15 UTC] PHP   1. {main}() C:\Users\rafly\Local Sites\groundcrewdb\app\public\wp-admin\admin-ajax.php:0
[18-Nov-2020 12:44:15 UTC] PHP   2. do_action() C:\Users\rafly\Local Sites\groundcrewdb\app\public\wp-admin\admin-ajax.php:176
[18-Nov-2020 12:44:15 UTC] PHP   3. WP_Hook->do_action() C:\Users\rafly\Local Sites\groundcrewdb\app\public\wp-includes\plugin.php:478
[18-Nov-2020 12:44:15 UTC] PHP   4. WP_Hook->apply_filters() C:\Users\rafly\Local Sites\groundcrewdb\app\public\wp-includes\class-wp-hook.php:311
[18-Nov-2020 12:44:15 UTC] PHP   5. Elementor\TemplateLibrary\Manager->handle_direct_actions() C:\Users\rafly\Local Sites\groundcrewdb\app\public\wp-includes\class-wp-hook.php:287
[18-Nov-2020 12:44:15 UTC] PHP   6. Elementor\TemplateLibrary\Manager->direct_import_template() C:\Users\rafly\Local Sites\groundcrewdb\app\public\wp-content\plugins\elementor\includes\template-library\manager.php:610
[18-Nov-2020 12:44:15 UTC] PHP   7. Elementor\TemplateLibrary\Source_Local->import_template() C:\Users\rafly\Local Sites\groundcrewdb\app\public\wp-content\plugins\elementor\includes\template-library\manager.php:446
[18-Nov-2020 12:44:15 UTC] PHP   8. Elementor\TemplateLibrary\Source_Local->find_temp_files() C:\Users\rafly\Local Sites\groundcrewdb\app\public\wp-content\plugins\elementor\includes\template-library\sources\local.php:876
[18-Nov-2020 12:44:15 UTC] PHP   9. scandir() C:\Users\rafly\Local Sites\groundcrewdb\app\public\wp-content\plugins\elementor\includes\template-library\sources\local.php:808
[18-Nov-2020 12:44:15 UTC] PHP Warning:  scandir(C:\Users\rafly\Local Sites\groundcrewdb\app\public/wp-content/uploads/elementor/tmp/5fb5171f99e7f): failed to open dir: No such file or directory in C:\Users\rafly\Local Sites\groundcrewdb\app\public\wp-content\plugins\elementor\includes\template-library\sources\local.php on line 808
[18-Nov-2020 12:44:15 UTC] PHP Stack trace:
[18-Nov-2020 12:44:15 UTC] PHP   1. {main}() C:\Users\rafly\Local Sites\groundcrewdb\app\public\wp-admin\admin-ajax.php:0
[18-Nov-2020 12:44:15 UTC] PHP   2. do_action() C:\Users\rafly\Local Sites\groundcrewdb\app\public\wp-admin\admin-ajax.php:176
[18-Nov-2020 12:44:15 UTC] PHP   3. WP_Hook->do_action() C:\Users\rafly\Local Sites\groundcrewdb\app\public\wp-includes\plugin.php:478
[18-Nov-2020 12:44:15 UTC] PHP   4. WP_Hook->apply_filters() C:\Users\rafly\Local Sites\groundcrewdb\app\public\wp-includes\class-wp-hook.php:311
[18-Nov-2020 12:44:15 UTC] PHP   5. Elementor\TemplateLibrary\Manager->handle_direct_actions() C:\Users\rafly\Local Sites\groundcrewdb\app\public\wp-includes\class-wp-hook.php:287
[18-Nov-2020 12:44:15 UTC] PHP   6. Elementor\TemplateLibrary\Manager->direct_import_template() C:\Users\rafly\Local Sites\groundcrewdb\app\public\wp-content\plugins\elementor\includes\template-library\manager.php:610
[18-Nov-2020 12:44:15 UTC] PHP   7. Elementor\TemplateLibrary\Source_Local->import_template() C:\Users\rafly\Local Sites\groundcrewdb\app\public\wp-content\plugins\elementor\includes\template-library\manager.php:446
[18-Nov-2020 12:44:15 UTC] PHP   8. Elementor\TemplateLibrary\Source_Local->find_temp_files() C:\Users\rafly\Local Sites\groundcrewdb\app\public\wp-content\plugins\elementor\includes\template-library\sources\local.php:876
[18-Nov-2020 12:44:15 UTC] PHP   9. scandir() C:\Users\rafly\Local Sites\groundcrewdb\app\public\wp-content\plugins\elementor\includes\template-library\sources\local.php:808
[18-Nov-2020 12:44:15 UTC] PHP Warning:  scandir(): (errno 2): No such file or directory in C:\Users\rafly\Local Sites\groundcrewdb\app\public\wp-content\plugins\elementor\includes\template-library\sources\local.php on line 808
[18-Nov-2020 12:44:15 UTC] PHP Stack trace:
[18-Nov-2020 12:44:15 UTC] PHP   1. {main}() C:\Users\rafly\Local Sites\groundcrewdb\app\public\wp-admin\admin-ajax.php:0
[18-Nov-2020 12:44:15 UTC] PHP   2. do_action() C:\Users\rafly\Local Sites\groundcrewdb\app\public\wp-admin\admin-ajax.php:176
[18-Nov-2020 12:44:15 UTC] PHP   3. WP_Hook->do_action() C:\Users\rafly\Local Sites\groundcrewdb\app\public\wp-includes\plugin.php:478
[18-Nov-2020 12:44:15 UTC] PHP   4. WP_Hook->apply_filters() C:\Users\rafly\Local Sites\groundcrewdb\app\public\wp-includes\class-wp-hook.php:311
[18-Nov-2020 12:44:15 UTC] PHP   5. Elementor\TemplateLibrary\Manager->handle_direct_actions() C:\Users\rafly\Local Sites\groundcrewdb\app\public\wp-includes\class-wp-hook.php:287
[18-Nov-2020 12:44:15 UTC] PHP   6. Elementor\TemplateLibrary\Manager->direct_import_template() C:\Users\rafly\Local Sites\groundcrewdb\app\public\wp-content\plugins\elementor\includes\template-library\manager.php:610
[18-Nov-2020 12:44:15 UTC] PHP   7. Elementor\TemplateLibrary\Source_Local->import_template() C:\Users\rafly\Local Sites\groundcrewdb\app\public\wp-content\plugins\elementor\includes\template-library\manager.php:446
[18-Nov-2020 12:44:15 UTC] PHP   8. Elementor\TemplateLibrary\Source_Local->find_temp_files() C:\Users\rafly\Local Sites\groundcrewdb\app\public\wp-content\plugins\elementor\includes\template-library\sources\local.php:876
[18-Nov-2020 12:44:15 UTC] PHP   9. scandir() C:\Users\rafly\Local Sites\groundcrewdb\app\public\wp-content\plugins\elementor\includes\template-library\sources\local.php:808
[18-Nov-2020 12:44:15 UTC] PHP Warning:  array_diff(): Expected parameter 1 to be an array, bool given in C:\Users\rafly\Local Sites\groundcrewdb\app\public\wp-content\plugins\elementor\includes\template-library\sources\local.php on line 808
[18-Nov-2020 12:44:15 UTC] PHP Stack trace:
[18-Nov-2020 12:44:15 UTC] PHP   1. {main}() C:\Users\rafly\Local Sites\groundcrewdb\app\public\wp-admin\admin-ajax.php:0
[18-Nov-2020 12:44:15 UTC] PHP   2. do_action() C:\Users\rafly\Local Sites\groundcrewdb\app\public\wp-admin\admin-ajax.php:176
[18-Nov-2020 12:44:15 UTC] PHP   3. WP_Hook->do_action() C:\Users\rafly\Local Sites\groundcrewdb\app\public\wp-includes\plugin.php:478
[18-Nov-2020 12:44:15 UTC] PHP   4. WP_Hook->apply_filters() C:\Users\rafly\Local Sites\groundcrewdb\app\public\wp-includes\class-wp-hook.php:311
[18-Nov-2020 12:44:15 UTC] PHP   5. Elementor\TemplateLibrary\Manager->handle_direct_actions() C:\Users\rafly\Local Sites\groundcrewdb\app\public\wp-includes\class-wp-hook.php:287
[18-Nov-2020 12:44:15 UTC] PHP   6. Elementor\TemplateLibrary\Manager->direct_import_template() C:\Users\rafly\Local Sites\groundcrewdb\app\public\wp-content\plugins\elementor\includes\template-library\manager.php:610
[18-Nov-2020 12:44:15 UTC] PHP   7. Elementor\TemplateLibrary\Source_Local->import_template() C:\Users\rafly\Local Sites\groundcrewdb\app\public\wp-content\plugins\elementor\includes\template-library\manager.php:446
[18-Nov-2020 12:44:15 UTC] PHP   8. Elementor\TemplateLibrary\Source_Local->find_temp_files() C:\Users\rafly\Local Sites\groundcrewdb\app\public\wp-content\plugins\elementor\includes\template-library\sources\local.php:876
[18-Nov-2020 12:44:15 UTC] PHP   9. array_diff() C:\Users\rafly\Local Sites\groundcrewdb\app\public\wp-content\plugins\elementor\includes\template-library\sources\local.php:808
[18-Nov-2020 12:44:15 UTC] PHP Warning:  Invalid argument supplied for foreach() in C:\Users\rafly\Local Sites\groundcrewdb\app\public\wp-content\plugins\elementor\includes\template-library\sources\local.php on line 811
[18-Nov-2020 12:44:15 UTC] PHP Stack trace:
[18-Nov-2020 12:44:15 UTC] PHP   1. {main}() C:\Users\rafly\Local Sites\groundcrewdb\app\public\wp-admin\admin-ajax.php:0
[18-Nov-2020 12:44:15 UTC] PHP   2. do_action() C:\Users\rafly\Local Sites\groundcrewdb\app\public\wp-admin\admin-ajax.php:176
[18-Nov-2020 12:44:15 UTC] PHP   3. WP_Hook->do_action() C:\Users\rafly\Local Sites\groundcrewdb\app\public\wp-includes\plugin.php:478
[18-Nov-2020 12:44:15 UTC] PHP   4. WP_Hook->apply_filters() C:\Users\rafly\Local Sites\groundcrewdb\app\public\wp-includes\class-wp-hook.php:311
[18-Nov-2020 12:44:15 UTC] PHP   5. Elementor\TemplateLibrary\Manager->handle_direct_actions() C:\Users\rafly\Local Sites\groundcrewdb\app\public\wp-includes\class-wp-hook.php:287
[18-Nov-2020 12:44:15 UTC] PHP   6. Elementor\TemplateLibrary\Manager->direct_import_template() C:\Users\rafly\Local Sites\groundcrewdb\app\public\wp-content\plugins\elementor\includes\template-library\manager.php:610
[18-Nov-2020 12:44:15 UTC] PHP   7. Elementor\TemplateLibrary\Source_Local->import_template() C:\Users\rafly\Local Sites\groundcrewdb\app\public\wp-content\plugins\elementor\includes\template-library\manager.php:446
[18-Nov-2020 12:44:15 UTC] PHP   8. Elementor\TemplateLibrary\Source_Local->find_temp_files() C:\Users\rafly\Local Sites\groundcrewdb\app\public\wp-content\plugins\elementor\includes\template-library\sources\local.php:876
[18-Nov-2020 12:44:15 UTC] PHP Warning:  rmdir(C:\Users\rafly\Local Sites\groundcrewdb\app\public/wp-content/uploads/elementor/tmp/5fb5171f99e7f): No such file or directory in C:\Users\rafly\Local Sites\groundcrewdb\app\public\wp-content\plugins\elementor\includes\template-library\sources\local.php on line 890
[18-Nov-2020 12:44:15 UTC] PHP Stack trace:
[18-Nov-2020 12:44:15 UTC] PHP   1. {main}() C:\Users\rafly\Local Sites\groundcrewdb\app\public\wp-admin\admin-ajax.php:0
[18-Nov-2020 12:44:15 UTC] PHP   2. do_action() C:\Users\rafly\Local Sites\groundcrewdb\app\public\wp-admin\admin-ajax.php:176
[18-Nov-2020 12:44:15 UTC] PHP   3. WP_Hook->do_action() C:\Users\rafly\Local Sites\groundcrewdb\app\public\wp-includes\plugin.php:478
[18-Nov-2020 12:44:15 UTC] PHP   4. WP_Hook->apply_filters() C:\Users\rafly\Local Sites\groundcrewdb\app\public\wp-includes\class-wp-hook.php:311
[18-Nov-2020 12:44:15 UTC] PHP   5. Elementor\TemplateLibrary\Manager->handle_direct_actions() C:\Users\rafly\Local Sites\groundcrewdb\app\public\wp-includes\class-wp-hook.php:287
[18-Nov-2020 12:44:15 UTC] PHP   6. Elementor\TemplateLibrary\Manager->direct_import_template() C:\Users\rafly\Local Sites\groundcrewdb\app\public\wp-content\plugins\elementor\includes\template-library\manager.php:610
[18-Nov-2020 12:44:15 UTC] PHP   7. Elementor\TemplateLibrary\Source_Local->import_template() C:\Users\rafly\Local Sites\groundcrewdb\app\public\wp-content\plugins\elementor\includes\template-library\manager.php:446
[18-Nov-2020 12:44:15 UTC] PHP   8. rmdir() C:\Users\rafly\Local Sites\groundcrewdb\app\public\wp-content\plugins\elementor\includes\template-library\sources\local.php:890
[18-Nov-2020 12:45:26 UTC] PHP Warning:  scandir(C:\Users\rafly\Local Sites\groundcrewdb\app\public/wp-content/uploads/elementor/tmp/5fb51766dd011,C:\Users\rafly\Local Sites\groundcrewdb\app\public/wp-content/uploads/elementor/tmp/5fb51766dd011): The system cannot find the path specified. (code: 3) in C:\Users\rafly\Local Sites\groundcrewdb\app\public\wp-content\plugins\elementor\includes\template-library\sources\local.php on line 808
[18-Nov-2020 12:45:26 UTC] PHP Stack trace:
[18-Nov-2020 12:45:26 UTC] PHP   1. {main}() C:\Users\rafly\Local Sites\groundcrewdb\app\public\wp-admin\admin-ajax.php:0
[18-Nov-2020 12:45:26 UTC] PHP   2. do_action() C:\Users\rafly\Local Sites\groundcrewdb\app\public\wp-admin\admin-ajax.php:176
[18-Nov-2020 12:45:26 UTC] PHP   3. WP_Hook->do_action() C:\Users\rafly\Local Sites\groundcrewdb\app\public\wp-includes\plugin.php:478
[18-Nov-2020 12:45:26 UTC] PHP   4. WP_Hook->apply_filters() C:\Users\rafly\Local Sites\groundcrewdb\app\public\wp-includes\class-wp-hook.php:311
[18-Nov-2020 12:45:26 UTC] PHP   5. Elementor\TemplateLibrary\Manager->handle_direct_actions() C:\Users\rafly\Local Sites\groundcrewdb\app\public\wp-includes\class-wp-hook.php:287
[18-Nov-2020 12:45:26 UTC] PHP   6. Elementor\TemplateLibrary\Manager->direct_import_template() C:\Users\rafly\Local Sites\groundcrewdb\app\public\wp-content\plugins\elementor\includes\template-library\manager.php:610
[18-Nov-2020 12:45:26 UTC] PHP   7. Elementor\TemplateLibrary\Source_Local->import_template() C:\Users\rafly\Local Sites\groundcrewdb\app\public\wp-content\plugins\elementor\includes\template-library\manager.php:446
[18-Nov-2020 12:45:26 UTC] PHP   8. Elementor\TemplateLibrary\Source_Local->find_temp_files() C:\Users\rafly\Local Sites\groundcrewdb\app\public\wp-content\plugins\elementor\includes\template-library\sources\local.php:876
[18-Nov-2020 12:45:26 UTC] PHP   9. scandir() C:\Users\rafly\Local Sites\groundcrewdb\app\public\wp-content\plugins\elementor\includes\template-library\sources\local.php:808
[18-Nov-2020 12:45:26 UTC] PHP Warning:  scandir(C:\Users\rafly\Local Sites\groundcrewdb\app\public/wp-content/uploads/elementor/tmp/5fb51766dd011): failed to open dir: No such file or directory in C:\Users\rafly\Local Sites\groundcrewdb\app\public\wp-content\plugins\elementor\includes\template-library\sources\local.php on line 808
[18-Nov-2020 12:45:26 UTC] PHP Stack trace:
[18-Nov-2020 12:45:26 UTC] PHP   1. {main}() C:\Users\rafly\Local Sites\groundcrewdb\app\public\wp-admin\admin-ajax.php:0
[18-Nov-2020 12:45:26 UTC] PHP   2. do_action() C:\Users\rafly\Local Sites\groundcrewdb\app\public\wp-admin\admin-ajax.php:176
[18-Nov-2020 12:45:26 UTC] PHP   3. WP_Hook->do_action() C:\Users\rafly\Local Sites\groundcrewdb\app\public\wp-includes\plugin.php:478
[18-Nov-2020 12:45:26 UTC] PHP   4. WP_Hook->apply_filters() C:\Users\rafly\Local Sites\groundcrewdb\app\public\wp-includes\class-wp-hook.php:311
[18-Nov-2020 12:45:26 UTC] PHP   5. Elementor\TemplateLibrary\Manager->handle_direct_actions() C:\Users\rafly\Local Sites\groundcrewdb\app\public\wp-includes\class-wp-hook.php:287
[18-Nov-2020 12:45:27 UTC] PHP   6. Elementor\TemplateLibrary\Manager->direct_import_template() C:\Users\rafly\Local Sites\groundcrewdb\app\public\wp-content\plugins\elementor\includes\template-library\manager.php:610
[18-Nov-2020 12:45:27 UTC] PHP   7. Elementor\TemplateLibrary\Source_Local->import_template() C:\Users\rafly\Local Sites\groundcrewdb\app\public\wp-content\plugins\elementor\includes\template-library\manager.php:446
[18-Nov-2020 12:45:27 UTC] PHP   8. Elementor\TemplateLibrary\Source_Local->find_temp_files() C:\Users\rafly\Local Sites\groundcrewdb\app\public\wp-content\plugins\elementor\includes\template-library\sources\local.php:876
[18-Nov-2020 12:45:27 UTC] PHP   9. scandir() C:\Users\rafly\Local Sites\groundcrewdb\app\public\wp-content\plugins\elementor\includes\template-library\sources\local.php:808
[18-Nov-2020 12:45:27 UTC] PHP Warning:  scandir(): (errno 2): No such file or directory in C:\Users\rafly\Local Sites\groundcrewdb\app\public\wp-content\plugins\elementor\includes\template-library\sources\local.php on line 808
[18-Nov-2020 12:45:27 UTC] PHP Stack trace:
[18-Nov-2020 12:45:27 UTC] PHP   1. {main}() C:\Users\rafly\Local Sites\groundcrewdb\app\public\wp-admin\admin-ajax.php:0
[18-Nov-2020 12:45:27 UTC] PHP   2. do_action() C:\Users\rafly\Local Sites\groundcrewdb\app\public\wp-admin\admin-ajax.php:176
[18-Nov-2020 12:45:27 UTC] PHP   3. WP_Hook->do_action() C:\Users\rafly\Local Sites\groundcrewdb\app\public\wp-includes\plugin.php:478
[18-Nov-2020 12:45:27 UTC] PHP   4. WP_Hook->apply_filters() C:\Users\rafly\Local Sites\groundcrewdb\app\public\wp-includes\class-wp-hook.php:311
[18-Nov-2020 12:45:27 UTC] PHP   5. Elementor\TemplateLibrary\Manager->handle_direct_actions() C:\Users\rafly\Local Sites\groundcrewdb\app\public\wp-includes\class-wp-hook.php:287
[18-Nov-2020 12:45:27 UTC] PHP   6. Elementor\TemplateLibrary\Manager->direct_import_template() C:\Users\rafly\Local Sites\groundcrewdb\app\public\wp-content\plugins\elementor\includes\template-library\manager.php:610
[18-Nov-2020 12:45:27 UTC] PHP   7. Elementor\TemplateLibrary\Source_Local->import_template() C:\Users\rafly\Local Sites\groundcrewdb\app\public\wp-content\plugins\elementor\includes\template-library\manager.php:446
[18-Nov-2020 12:45:27 UTC] PHP   8. Elementor\TemplateLibrary\Source_Local->find_temp_files() C:\Users\rafly\Local Sites\groundcrewdb\app\public\wp-content\plugins\elementor\includes\template-library\sources\local.php:876
[18-Nov-2020 12:45:27 UTC] PHP   9. scandir() C:\Users\rafly\Local Sites\groundcrewdb\app\public\wp-content\plugins\elementor\includes\template-library\sources\local.php:808
[18-Nov-2020 12:45:27 UTC] PHP Warning:  array_diff(): Expected parameter 1 to be an array, bool given in C:\Users\rafly\Local Sites\groundcrewdb\app\public\wp-content\plugins\elementor\includes\template-library\sources\local.php on line 808
[18-Nov-2020 12:45:27 UTC] PHP Stack trace:
[18-Nov-2020 12:45:27 UTC] PHP   1. {main}() C:\Users\rafly\Local Sites\groundcrewdb\app\public\wp-admin\admin-ajax.php:0
[18-Nov-2020 12:45:27 UTC] PHP   2. do_action() C:\Users\rafly\Local Sites\groundcrewdb\app\public\wp-admin\admin-ajax.php:176
[18-Nov-2020 12:45:27 UTC] PHP   3. WP_Hook->do_action() C:\Users\rafly\Local Sites\groundcrewdb\app\public\wp-includes\plugin.php:478
[18-Nov-2020 12:45:27 UTC] PHP   4. WP_Hook->apply_filters() C:\Users\rafly\Local Sites\groundcrewdb\app\public\wp-includes\class-wp-hook.php:311
[18-Nov-2020 12:45:27 UTC] PHP   5. Elementor\TemplateLibrary\Manager->handle_direct_actions() C:\Users\rafly\Local Sites\groundcrewdb\app\public\wp-includes\class-wp-hook.php:287
[18-Nov-2020 12:45:27 UTC] PHP   6. Elementor\TemplateLibrary\Manager->direct_import_template() C:\Users\rafly\Local Sites\groundcrewdb\app\public\wp-content\plugins\elementor\includes\template-library\manager.php:610
[18-Nov-2020 12:45:27 UTC] PHP   7. Elementor\TemplateLibrary\Source_Local->import_template() C:\Users\rafly\Local Sites\groundcrewdb\app\public\wp-content\plugins\elementor\includes\template-library\manager.php:446
[18-Nov-2020 12:45:27 UTC] PHP   8. Elementor\TemplateLibrary\Source_Local->find_temp_files() C:\Users\rafly\Local Sites\groundcrewdb\app\public\wp-content\plugins\elementor\includes\template-library\sources\local.php:876
[18-Nov-2020 12:45:27 UTC] PHP   9. array_diff() C:\Users\rafly\Local Sites\groundcrewdb\app\public\wp-content\plugins\elementor\includes\template-library\sources\local.php:808
[18-Nov-2020 12:45:27 UTC] PHP Warning:  Invalid argument supplied for foreach() in C:\Users\rafly\Local Sites\groundcrewdb\app\public\wp-content\plugins\elementor\includes\template-library\sources\local.php on line 811
[18-Nov-2020 12:45:27 UTC] PHP Stack trace:
[18-Nov-2020 12:45:27 UTC] PHP   1. {main}() C:\Users\rafly\Local Sites\groundcrewdb\app\public\wp-admin\admin-ajax.php:0
[18-Nov-2020 12:45:27 UTC] PHP   2. do_action() C:\Users\rafly\Local Sites\groundcrewdb\app\public\wp-admin\admin-ajax.php:176
[18-Nov-2020 12:45:27 UTC] PHP   3. WP_Hook->do_action() C:\Users\rafly\Local Sites\groundcrewdb\app\public\wp-includes\plugin.php:478
[18-Nov-2020 12:45:27 UTC] PHP   4. WP_Hook->apply_filters() C:\Users\rafly\Local Sites\groundcrewdb\app\public\wp-includes\class-wp-hook.php:311
[18-Nov-2020 12:45:27 UTC] PHP   5. Elementor\TemplateLibrary\Manager->handle_direct_actions() C:\Users\rafly\Local Sites\groundcrewdb\app\public\wp-includes\class-wp-hook.php:287
[18-Nov-2020 12:45:27 UTC] PHP   6. Elementor\TemplateLibrary\Manager->direct_import_template() C:\Users\rafly\Local Sites\groundcrewdb\app\public\wp-content\plugins\elementor\includes\template-library\manager.php:610
[18-Nov-2020 12:45:27 UTC] PHP   7. Elementor\TemplateLibrary\Source_Local->import_template() C:\Users\rafly\Local Sites\groundcrewdb\app\public\wp-content\plugins\elementor\includes\template-library\manager.php:446
[18-Nov-2020 12:45:27 UTC] PHP   8. Elementor\TemplateLibrary\Source_Local->find_temp_files() C:\Users\rafly\Local Sites\groundcrewdb\app\public\wp-content\plugins\elementor\includes\template-library\sources\local.php:876
[18-Nov-2020 12:45:27 UTC] PHP Warning:  rmdir(C:\Users\rafly\Local Sites\groundcrewdb\app\public/wp-content/uploads/elementor/tmp/5fb51766dd011): No such file or directory in C:\Users\rafly\Local Sites\groundcrewdb\app\public\wp-content\plugins\elementor\includes\template-library\sources\local.php on line 890
[18-Nov-2020 12:45:27 UTC] PHP Stack trace:
[18-Nov-2020 12:45:27 UTC] PHP   1. {main}() C:\Users\rafly\Local Sites\groundcrewdb\app\public\wp-admin\admin-ajax.php:0
[18-Nov-2020 12:45:27 UTC] PHP   2. do_action() C:\Users\rafly\Local Sites\groundcrewdb\app\public\wp-admin\admin-ajax.php:176
[18-Nov-2020 12:45:27 UTC] PHP   3. WP_Hook->do_action() C:\Users\rafly\Local Sites\groundcrewdb\app\public\wp-includes\plugin.php:478
[18-Nov-2020 12:45:27 UTC] PHP   4. WP_Hook->apply_filters() C:\Users\rafly\Local Sites\groundcrewdb\app\public\wp-includes\class-wp-hook.php:311
[18-Nov-2020 12:45:27 UTC] PHP   5. Elementor\TemplateLibrary\Manager->handle_direct_actions() C:\Users\rafly\Local Sites\groundcrewdb\app\public\wp-includes\class-wp-hook.php:287
[18-Nov-2020 12:45:27 UTC] PHP   6. Elementor\TemplateLibrary\Manager->direct_import_template() C:\Users\rafly\Local Sites\groundcrewdb\app\public\wp-content\plugins\elementor\includes\template-library\manager.php:610
[18-Nov-2020 12:45:27 UTC] PHP   7. Elementor\TemplateLibrary\Source_Local->import_template() C:\Users\rafly\Local Sites\groundcrewdb\app\public\wp-content\plugins\elementor\includes\template-library\manager.php:446
[18-Nov-2020 12:45:27 UTC] PHP   8. rmdir() C:\Users\rafly\Local Sites\groundcrewdb\app\public\wp-content\plugins\elementor\includes\template-library\sources\local.php:890
[03-Dec-2020 21:07:16 UTC] WordPress database error Duplicate column name 'settings' for query ALTER TABLE wp_ninja_table_items ADD COLUMN `settings` LONGTEXT AFTER `value`; made by do_action('wp_ajax_ninja_tables_ajax_actions'), WP_Hook->do_action, WP_Hook->apply_filters, NinjaTablesAdmin->ajax_routes, NinjaTablesAdmin->getTableSettings, NinjaTablesAdmin->checkDBMigrations, NinjaTablesAdmin->migrateSettingColumnIfNeeded
[03-Dec-2020 21:07:16 UTC] WordPress database error Duplicate column name 'owner_id' for query ALTER TABLE wp_ninja_table_items ADD COLUMN `owner_id` int(11) AFTER `table_id`; made by do_action('wp_ajax_ninja_tables_ajax_actions'), WP_Hook->do_action, WP_Hook->apply_filters, NinjaTablesAdmin->ajax_routes, NinjaTablesAdmin->getTableSettings, NinjaTablesAdmin->checkDBMigrations, NinjaTablesAdmin->migrateOwnerColumnIfNeeded
[03-Dec-2020 21:15:50 UTC] WordPress database error You have an error in your SQL syntax; check the manual that corresponds to your MySQL server version for the right syntax to use near '[ninja_tables id="153"]' at line 2 for query SELECT * FROM `maskapai`
[ninja_tables id="153"] made by do_action('wp_ajax_ninja_table_raw_sql_update_sql'), WP_Hook->do_action, WP_Hook->apply_filters, NinjaTablesPro\DataProviders\RawSqlProvider->updateSQL, NinjaTablesPro\DataProviders\RawSqlProvider->validateSql
[03-Dec-2020 21:15:50 UTC] WordPress database error You have an error in your SQL syntax; check the manual that corresponds to your MySQL server version for the right syntax to use near '[ninja_tables id="153"]' at line 2 for query SELECT * FROM `maskapai`
[ninja_tables id="153"] made by do_action('wp_ajax_ninja_table_raw_sql_update_sql'), WP_Hook->do_action, WP_Hook->apply_filters, NinjaTablesPro\DataProviders\RawSqlProvider->updateSQL, NinjaTablesPro\DataProviders\RawSqlProvider->updateTableColumn
[03-Dec-2020 21:15:50 UTC] WordPress database error You have an error in your SQL syntax; check the manual that corresponds to your MySQL server version for the right syntax to use near '[ninja_tables' at line 1 for query SELECT * FROM `maskapai` [ninja_tables made by do_action('wp_ajax_ninja_table_raw_sql_update_sql'), WP_Hook->do_action, WP_Hook->apply_filters, NinjaTablesPro\DataProviders\RawSqlProvider->updateSQL, NinjaTablesPro\DataProviders\RawSqlProvider->updateTableColumn
[03-Dec-2020 21:15:50 UTC] PHP Warning:  Invalid argument supplied for foreach() in C:\Users\rafly\Local Sites\groundcrewdb\app\public\wp-content\plugins\ninja-tables-pro\src\DataProviders\RawSqlProvider.php on line 250
[03-Dec-2020 21:15:50 UTC] PHP Stack trace:
[03-Dec-2020 21:15:50 UTC] PHP   1. {main}() C:\Users\rafly\Local Sites\groundcrewdb\app\public\wp-admin\admin-ajax.php:0
[03-Dec-2020 21:15:50 UTC] PHP   2. do_action() C:\Users\rafly\Local Sites\groundcrewdb\app\public\wp-admin\admin-ajax.php:176
[03-Dec-2020 21:15:50 UTC] PHP   3. WP_Hook->do_action() C:\Users\rafly\Local Sites\groundcrewdb\app\public\wp-includes\plugin.php:478
[03-Dec-2020 21:15:50 UTC] PHP   4. WP_Hook->apply_filters() C:\Users\rafly\Local Sites\groundcrewdb\app\public\wp-includes\class-wp-hook.php:311
[03-Dec-2020 21:15:50 UTC] PHP   5. NinjaTablesPro\DataProviders\RawSqlProvider->updateSQL() C:\Users\rafly\Local Sites\groundcrewdb\app\public\wp-includes\class-wp-hook.php:287
[03-Dec-2020 21:15:50 UTC] PHP   6. NinjaTablesPro\DataProviders\RawSqlProvider->updateTableColumn() C:\Users\rafly\Local Sites\groundcrewdb\app\public\wp-content\plugins\ninja-tables-pro\src\DataProviders\RawSqlProvider.php:132
[03-Dec-2020 21:15:51 UTC] WordPress database error You have an error in your SQL syntax; check the manual that corresponds to your MySQL server version for the right syntax to use near '[ninja_tables id="153"]' at line 2 for query SELECT * FROM `maskapai`
[ninja_tables id="153"] made by do_action('wp_ajax_ninja_tables_ajax_actions'), WP_Hook->do_action, WP_Hook->apply_filters, NinjaTablesAdmin->ajax_routes, NinjaTablesAdmin->getTableData, apply_filters('ninja_tables_get_table_data_raw_sql'), WP_Hook->apply_filters, NinjaTablesPro\DataProviders\RawSqlProvider->getTableData
[03-Dec-2020 21:16:03 UTC] WordPress database error You have an error in your SQL syntax; check the manual that corresponds to your MySQL server version for the right syntax to use near 'SELECT * FROM `flight number`' at line 2 for query SELECT * FROM `maskapai`
SELECT * FROM `flight number` made by do_action('wp_ajax_ninja_table_raw_sql_update_sql'), WP_Hook->do_action, WP_Hook->apply_filters, NinjaTablesPro\DataProviders\RawSqlProvider->updateSQL, NinjaTablesPro\DataProviders\RawSqlProvider->validateSql
[03-Dec-2020 21:16:03 UTC] WordPress database error You have an error in your SQL syntax; check the manual that corresponds to your MySQL server version for the right syntax to use near 'SELECT * FROM `flight number`' at line 2 for query SELECT * FROM `maskapai`
SELECT * FROM `flight number` made by do_action('wp_ajax_ninja_table_raw_sql_update_sql'), WP_Hook->do_action, WP_Hook->apply_filters, NinjaTablesPro\DataProviders\RawSqlProvider->updateSQL, NinjaTablesPro\DataProviders\RawSqlProvider->updateTableColumn
[03-Dec-2020 21:16:03 UTC] PHP Fatal error:  Uncaught PHPSQLParser\exceptions\UnableToCalculatePositionException: cannot calculate position of *  * within  * FROM `maskapai`
SELECT * FROM `flight number` in C:\Users\rafly\Local Sites\groundcrewdb\app\public\wp-content\plugins\ninja-tables-pro\src\libs\PHPSQLParser\positions\PositionCalculator.php:243
Stack trace:
#0 C:\Users\rafly\Local Sites\groundcrewdb\app\public\wp-content\plugins\ninja-tables-pro\src\libs\PHPSQLParser\positions\PositionCalculator.php(259): PHPSQLParser\positions\PositionCalculator->lookForBaseExpression('SELECT * FROM `...', 6, Array, 'base_expr', Array)
#1 C:\Users\rafly\Local Sites\groundcrewdb\app\public\wp-content\plugins\ninja-tables-pro\src\libs\PHPSQLParser\positions\PositionCalculator.php(259): PHPSQLParser\positions\PositionCalculator->lookForBaseExpression('SELECT * FROM `...', 6, Array, 0, Array)
#2 C:\Users\rafly\Local Sites\groundcrewdb\app\public\wp-content\plugins\ninja-tables-pro\src\libs\PHPSQLParser\positions\PositionCalculator.php(125): PHPSQLParser\positions\Pos in C:\Users\rafly\Local Sites\groundcrewdb\app\public\wp-content\plugins\ninja-tables-pro\src\libs\PHPSQLParser\positions\PositionCalculator.php on line 243
[03-Dec-2020 21:24:39 UTC] WordPress database error Table 'local.pilih maskapai' doesn't exist for query SHOW FULL COLUMNS FROM `PIlih Maskapai` made by do_action('wp_ajax_wdt_delete_table_row'), WP_Hook->do_action, WP_Hook->apply_filters, wdtDeleteTableRow
[03-Dec-2020 21:30:00 UTC] WordPress database error You have an error in your SQL syntax; check the manual that corresponds to your MySQL server version for the right syntax to use near 'maskapai ``.`Maskapai_ID` LIKE '%c%' OR `` maskapai ``.`Maskapai_nama` LIKE '%c%' at line 1 for query SELECT SQL_CALC_FOUND_ROWS * FROM `maskapai` WHERE (`` maskapai ``.`Maskapai_ID` LIKE '%c%' OR `` maskapai ``.`Maskapai_nama` LIKE '%c%') ORDER BY `Maskapai_nama` ASC LIMIT 10 made by do_action('wp_ajax_get_wdtable'), WP_Hook->do_action, WP_Hook->apply_filters, wdtGetAjaxData, WPDataTable->queryBasedConstruct
[03-Dec-2020 21:30:00 UTC] WordPress database error You have an error in your SQL syntax; check the manual that corresponds to your MySQL server version for the right syntax to use near 'maskapai ``.`Maskapai_ID` LIKE '%cit%' OR `` maskapai ``.`Maskapai_nama` LIKE '%' at line 1 for query SELECT SQL_CALC_FOUND_ROWS * FROM `maskapai` WHERE (`` maskapai ``.`Maskapai_ID` LIKE '%cit%' OR `` maskapai ``.`Maskapai_nama` LIKE '%cit%') ORDER BY `Maskapai_nama` ASC LIMIT 10 made by do_action('wp_ajax_get_wdtable'), WP_Hook->do_action, WP_Hook->apply_filters, wdtGetAjaxData, WPDataTable->queryBasedConstruct
[03-Dec-2020 21:30:00 UTC] WordPress database error You have an error in your SQL syntax; check the manual that corresponds to your MySQL server version for the right syntax to use near 'maskapai ``.`Maskapai_ID` LIKE '%cit%' OR `` maskapai ``.`Maskapai_nama` LIKE '%' at line 1 for query SELECT SQL_CALC_FOUND_ROWS * FROM `maskapai` WHERE (`` maskapai ``.`Maskapai_ID` LIKE '%cit%' OR `` maskapai ``.`Maskapai_nama` LIKE '%cit%') ORDER BY `Maskapai_nama` ASC LIMIT 10 made by do_action('wp_ajax_get_wdtable'), WP_Hook->do_action, WP_Hook->apply_filters, wdtGetAjaxData, WPDataTable->queryBasedConstruct
[03-Dec-2020 21:30:00 UTC] WordPress database error You have an error in your SQL syntax; check the manual that corresponds to your MySQL server version for the right syntax to use near 'maskapai ``.`Maskapai_ID` LIKE '%cit%' OR `` maskapai ``.`Maskapai_nama` LIKE '%' at line 1 for query SELECT SQL_CALC_FOUND_ROWS * FROM `maskapai` WHERE (`` maskapai ``.`Maskapai_ID` LIKE '%cit%' OR `` maskapai ``.`Maskapai_nama` LIKE '%cit%') ORDER BY `Maskapai_nama` ASC LIMIT 10 made by do_action('wp_ajax_get_wdtable'), WP_Hook->do_action, WP_Hook->apply_filters, wdtGetAjaxData, WPDataTable->queryBasedConstruct
[03-Dec-2020 21:30:00 UTC] WordPress database error You have an error in your SQL syntax; check the manual that corresponds to your MySQL server version for the right syntax to use near 'maskapai ``.`Maskapai_ID` LIKE '%cit%' OR `` maskapai ``.`Maskapai_nama` LIKE '%' at line 1 for query SELECT SQL_CALC_FOUND_ROWS * FROM `maskapai` WHERE (`` maskapai ``.`Maskapai_ID` LIKE '%cit%' OR `` maskapai ``.`Maskapai_nama` LIKE '%cit%') ORDER BY `Maskapai_nama` ASC LIMIT 10 made by do_action('wp_ajax_get_wdtable'), WP_Hook->do_action, WP_Hook->apply_filters, wdtGetAjaxData, WPDataTable->queryBasedConstruct
[03-Dec-2020 21:30:01 UTC] WordPress database error You have an error in your SQL syntax; check the manual that corresponds to your MySQL server version for the right syntax to use near 'maskapai ``.`Maskapai_ID` LIKE '%citi%' OR `` maskapai ``.`Maskapai_nama` LIKE '' at line 1 for query SELECT SQL_CALC_FOUND_ROWS * FROM `maskapai` WHERE (`` maskapai ``.`Maskapai_ID` LIKE '%citi%' OR `` maskapai ``.`Maskapai_nama` LIKE '%citi%') ORDER BY `Maskapai_nama` ASC LIMIT 10 made by do_action('wp_ajax_get_wdtable'), WP_Hook->do_action, WP_Hook->apply_filters, wdtGetAjaxData, WPDataTable->queryBasedConstruct
[03-Dec-2020 21:30:01 UTC] WordPress database error You have an error in your SQL syntax; check the manual that corresponds to your MySQL server version for the right syntax to use near 'maskapai ``.`Maskapai_ID` LIKE '%citi%' OR `` maskapai ``.`Maskapai_nama` LIKE '' at line 1 for query SELECT SQL_CALC_FOUND_ROWS * FROM `maskapai` WHERE (`` maskapai ``.`Maskapai_ID` LIKE '%citi%' OR `` maskapai ``.`Maskapai_nama` LIKE '%citi%') ORDER BY `Maskapai_nama` ASC LIMIT 10 made by do_action('wp_ajax_get_wdtable'), WP_Hook->do_action, WP_Hook->apply_filters, wdtGetAjaxData, WPDataTable->queryBasedConstruct
[03-Dec-2020 21:30:01 UTC] WordPress database error You have an error in your SQL syntax; check the manual that corresponds to your MySQL server version for the right syntax to use near 'maskapai ``.`Maskapai_ID` LIKE '%citi%' OR `` maskapai ``.`Maskapai_nama` LIKE '' at line 1 for query SELECT SQL_CALC_FOUND_ROWS * FROM `maskapai` WHERE (`` maskapai ``.`Maskapai_ID` LIKE '%citi%' OR `` maskapai ``.`Maskapai_nama` LIKE '%citi%') ORDER BY `Maskapai_nama` ASC LIMIT 10 made by do_action('wp_ajax_get_wdtable'), WP_Hook->do_action, WP_Hook->apply_filters, wdtGetAjaxData, WPDataTable->queryBasedConstruct
[03-Dec-2020 21:30:02 UTC] WordPress database error You have an error in your SQL syntax; check the manual that corresponds to your MySQL server version for the right syntax to use near 'maskapai ``.`Maskapai_ID` LIKE '%citil%' OR `` maskapai ``.`Maskapai_nama` LIKE ' at line 1 for query SELECT SQL_CALC_FOUND_ROWS * FROM `maskapai` WHERE (`` maskapai ``.`Maskapai_ID` LIKE '%citil%' OR `` maskapai ``.`Maskapai_nama` LIKE '%citil%') ORDER BY `Maskapai_nama` ASC LIMIT 10 made by do_action('wp_ajax_get_wdtable'), WP_Hook->do_action, WP_Hook->apply_filters, wdtGetAjaxData, WPDataTable->queryBasedConstruct
[03-Dec-2020 21:30:02 UTC] WordPress database error You have an error in your SQL syntax; check the manual that corresponds to your MySQL server version for the right syntax to use near 'maskapai ``.`Maskapai_ID` LIKE '%citilin%' OR `` maskapai ``.`Maskapai_nama` LIK' at line 1 for query SELECT SQL_CALC_FOUND_ROWS * FROM `maskapai` WHERE (`` maskapai ``.`Maskapai_ID` LIKE '%citilin%' OR `` maskapai ``.`Maskapai_nama` LIKE '%citilin%') ORDER BY `Maskapai_nama` ASC LIMIT 10 made by do_action('wp_ajax_get_wdtable'), WP_Hook->do_action, WP_Hook->apply_filters, wdtGetAjaxData, WPDataTable->queryBasedConstruct
[03-Dec-2020 21:30:03 UTC] WordPress database error You have an error in your SQL syntax; check the manual that corresponds to your MySQL server version for the right syntax to use near 'maskapai ``.`Maskapai_ID` LIKE '%citilink%' OR `` maskapai ``.`Maskapai_nama` LI' at line 1 for query SELECT SQL_CALC_FOUND_ROWS * FROM `maskapai` WHERE (`` maskapai ``.`Maskapai_ID` LIKE '%citilink%' OR `` maskapai ``.`Maskapai_nama` LIKE '%citilink%') ORDER BY `Maskapai_nama` ASC LIMIT 10 made by do_action('wp_ajax_get_wdtable'), WP_Hook->do_action, WP_Hook->apply_filters, wdtGetAjaxData, WPDataTable->queryBasedConstruct
[03-Dec-2020 21:30:03 UTC] WordPress database error You have an error in your SQL syntax; check the manual that corresponds to your MySQL server version for the right syntax to use near 'maskapai ``.`Maskapai_ID` LIKE '%citilink%' OR `` maskapai ``.`Maskapai_nama` LI' at line 1 for query SELECT SQL_CALC_FOUND_ROWS * FROM `maskapai` WHERE (`` maskapai ``.`Maskapai_ID` LIKE '%citilink%' OR `` maskapai ``.`Maskapai_nama` LIKE '%citilink%') ORDER BY `Maskapai_nama` ASC LIMIT 10 made by do_action('wp_ajax_get_wdtable'), WP_Hook->do_action, WP_Hook->apply_filters, wdtGetAjaxData, WPDataTable->queryBasedConstruct
[03-Dec-2020 21:30:03 UTC] WordPress database error You have an error in your SQL syntax; check the manual that corresponds to your MySQL server version for the right syntax to use near 'maskapai ``.`Maskapai_ID` LIKE '%citilink%' OR `` maskapai ``.`Maskapai_nama` LI' at line 1 for query SELECT SQL_CALC_FOUND_ROWS * FROM `maskapai` WHERE (`` maskapai ``.`Maskapai_ID` LIKE '%citilink%' OR `` maskapai ``.`Maskapai_nama` LIKE '%citilink%') ORDER BY `Maskapai_nama` ASC LIMIT 10 made by do_action('wp_ajax_get_wdtable'), WP_Hook->do_action, WP_Hook->apply_filters, wdtGetAjaxData, WPDataTable->queryBasedConstruct
[03-Dec-2020 21:30:04 UTC] WordPress database error You have an error in your SQL syntax; check the manual that corresponds to your MySQL server version for the right syntax to use near 'maskapai ``.`Maskapai_ID` LIKE '%citilin%' OR `` maskapai ``.`Maskapai_nama` LIK' at line 1 for query SELECT SQL_CALC_FOUND_ROWS * FROM `maskapai` WHERE (`` maskapai ``.`Maskapai_ID` LIKE '%citilin%' OR `` maskapai ``.`Maskapai_nama` LIKE '%citilin%') ORDER BY `Maskapai_nama` ASC LIMIT 10 made by do_action('wp_ajax_get_wdtable'), WP_Hook->do_action, WP_Hook->apply_filters, wdtGetAjaxData, WPDataTable->queryBasedConstruct
[03-Dec-2020 21:30:04 UTC] WordPress database error You have an error in your SQL syntax; check the manual that corresponds to your MySQL server version for the right syntax to use near 'maskapai ``.`Maskapai_ID` LIKE '%citilin%' OR `` maskapai ``.`Maskapai_nama` LIK' at line 1 for query SELECT SQL_CALC_FOUND_ROWS * FROM `maskapai` WHERE (`` maskapai ``.`Maskapai_ID` LIKE '%citilin%' OR `` maskapai ``.`Maskapai_nama` LIKE '%citilin%') ORDER BY `Maskapai_nama` ASC LIMIT 10 made by do_action('wp_ajax_get_wdtable'), WP_Hook->do_action, WP_Hook->apply_filters, wdtGetAjaxData, WPDataTable->queryBasedConstruct
[03-Dec-2020 21:30:04 UTC] WordPress database error You have an error in your SQL syntax; check the manual that corresponds to your MySQL server version for the right syntax to use near 'maskapai ``.`Maskapai_ID` LIKE '%citili%' OR `` maskapai ``.`Maskapai_nama` LIKE' at line 1 for query SELECT SQL_CALC_FOUND_ROWS * FROM `maskapai` WHERE (`` maskapai ``.`Maskapai_ID` LIKE '%citili%' OR `` maskapai ``.`Maskapai_nama` LIKE '%citili%') ORDER BY `Maskapai_nama` ASC LIMIT 10 made by do_action('wp_ajax_get_wdtable'), WP_Hook->do_action, WP_Hook->apply_filters, wdtGetAjaxData, WPDataTable->queryBasedConstruct
[03-Dec-2020 21:30:05 UTC] WordPress database error You have an error in your SQL syntax; check the manual that corresponds to your MySQL server version for the right syntax to use near 'maskapai ``.`Maskapai_ID` LIKE '%g%' OR `` maskapai ``.`Maskapai_nama` LIKE '%g%' at line 1 for query SELECT SQL_CALC_FOUND_ROWS * FROM `maskapai` WHERE (`` maskapai ``.`Maskapai_ID` LIKE '%g%' OR `` maskapai ``.`Maskapai_nama` LIKE '%g%') ORDER BY `Maskapai_nama` ASC LIMIT 10 made by do_action('wp_ajax_get_wdtable'), WP_Hook->do_action, WP_Hook->apply_filters, wdtGetAjaxData, WPDataTable->queryBasedConstruct
[03-Dec-2020 21:30:05 UTC] WordPress database error You have an error in your SQL syntax; check the manual that corresponds to your MySQL server version for the right syntax to use near 'maskapai ``.`Maskapai_ID` LIKE '%g%' OR `` maskapai ``.`Maskapai_nama` LIKE '%g%' at line 1 for query SELECT SQL_CALC_FOUND_ROWS * FROM `maskapai` WHERE (`` maskapai ``.`Maskapai_ID` LIKE '%g%' OR `` maskapai ``.`Maskapai_nama` LIKE '%g%') ORDER BY `Maskapai_nama` ASC LIMIT 10 made by do_action('wp_ajax_get_wdtable'), WP_Hook->do_action, WP_Hook->apply_filters, wdtGetAjaxData, WPDataTable->queryBasedConstruct
[03-Dec-2020 21:30:06 UTC] WordPress database error You have an error in your SQL syntax; check the manual that corresponds to your MySQL server version for the right syntax to use near 'maskapai ``.`Maskapai_ID` LIKE '%g%' OR `` maskapai ``.`Maskapai_nama` LIKE '%g%' at line 1 for query SELECT SQL_CALC_FOUND_ROWS * FROM `maskapai` WHERE (`` maskapai ``.`Maskapai_ID` LIKE '%g%' OR `` maskapai ``.`Maskapai_nama` LIKE '%g%') ORDER BY `Maskapai_nama` ASC LIMIT 10 made by do_action('wp_ajax_get_wdtable'), WP_Hook->do_action, WP_Hook->apply_filters, wdtGetAjaxData, WPDataTable->queryBasedConstruct
[03-Dec-2020 21:30:06 UTC] WordPress database error You have an error in your SQL syntax; check the manual that corresponds to your MySQL server version for the right syntax to use near 'maskapai ``.`Maskapai_ID` LIKE '%garu%' OR `` maskapai ``.`Maskapai_nama` LIKE '' at line 1 for query SELECT SQL_CALC_FOUND_ROWS * FROM `maskapai` WHERE (`` maskapai ``.`Maskapai_ID` LIKE '%garu%' OR `` maskapai ``.`Maskapai_nama` LIKE '%garu%') ORDER BY `Maskapai_nama` ASC LIMIT 10 made by do_action('wp_ajax_get_wdtable'), WP_Hook->do_action, WP_Hook->apply_filters, wdtGetAjaxData, WPDataTable->queryBasedConstruct
[03-Dec-2020 21:30:06 UTC] WordPress database error You have an error in your SQL syntax; check the manual that corresponds to your MySQL server version for the right syntax to use near 'maskapai ``.`Maskapai_ID` LIKE '%garu%' OR `` maskapai ``.`Maskapai_nama` LIKE '' at line 1 for query SELECT SQL_CALC_FOUND_ROWS * FROM `maskapai` WHERE (`` maskapai ``.`Maskapai_ID` LIKE '%garu%' OR `` maskapai ``.`Maskapai_nama` LIKE '%garu%') ORDER BY `Maskapai_nama` ASC LIMIT 10 made by do_action('wp_ajax_get_wdtable'), WP_Hook->do_action, WP_Hook->apply_filters, wdtGetAjaxData, WPDataTable->queryBasedConstruct
[03-Dec-2020 21:30:07 UTC] WordPress database error You have an error in your SQL syntax; check the manual that corresponds to your MySQL server version for the right syntax to use near 'maskapai ``.`Maskapai_ID` LIKE '%garuda%' OR `` maskapai ``.`Maskapai_nama` LIKE' at line 1 for query SELECT SQL_CALC_FOUND_ROWS * FROM `maskapai` WHERE (`` maskapai ``.`Maskapai_ID` LIKE '%garuda%' OR `` maskapai ``.`Maskapai_nama` LIKE '%garuda%') ORDER BY `Maskapai_nama` ASC LIMIT 10 made by do_action('wp_ajax_get_wdtable'), WP_Hook->do_action, WP_Hook->apply_filters, wdtGetAjaxData, WPDataTable->queryBasedConstruct
[03-Dec-2020 21:30:07 UTC] WordPress database error You have an error in your SQL syntax; check the manual that corresponds to your MySQL server version for the right syntax to use near 'maskapai ``.`Maskapai_ID` LIKE '%garud%' OR `` maskapai ``.`Maskapai_nama` LIKE ' at line 1 for query SELECT SQL_CALC_FOUND_ROWS * FROM `maskapai` WHERE (`` maskapai ``.`Maskapai_ID` LIKE '%garud%' OR `` maskapai ``.`Maskapai_nama` LIKE '%garud%') ORDER BY `Maskapai_nama` ASC LIMIT 10 made by do_action('wp_ajax_get_wdtable'), WP_Hook->do_action, WP_Hook->apply_filters, wdtGetAjaxData, WPDataTable->queryBasedConstruct
[03-Dec-2020 21:30:08 UTC] WordPress database error You have an error in your SQL syntax; check the manual that corresponds to your MySQL server version for the right syntax to use near 'maskapai ``.`Maskapai_ID` LIKE '%garu%' OR `` maskapai ``.`Maskapai_nama` LIKE '' at line 1 for query SELECT SQL_CALC_FOUND_ROWS * FROM `maskapai` WHERE (`` maskapai ``.`Maskapai_ID` LIKE '%garu%' OR `` maskapai ``.`Maskapai_nama` LIKE '%garu%') ORDER BY `Maskapai_nama` ASC LIMIT 10 made by do_action('wp_ajax_get_wdtable'), WP_Hook->do_action, WP_Hook->apply_filters, wdtGetAjaxData, WPDataTable->queryBasedConstruct
[03-Dec-2020 21:30:08 UTC] WordPress database error You have an error in your SQL syntax; check the manual that corresponds to your MySQL server version for the right syntax to use near 'maskapai ``.`Maskapai_ID` LIKE '%garu%' OR `` maskapai ``.`Maskapai_nama` LIKE '' at line 1 for query SELECT SQL_CALC_FOUND_ROWS * FROM `maskapai` WHERE (`` maskapai ``.`Maskapai_ID` LIKE '%garu%' OR `` maskapai ``.`Maskapai_nama` LIKE '%garu%') ORDER BY `Maskapai_nama` ASC LIMIT 10 made by do_action('wp_ajax_get_wdtable'), WP_Hook->do_action, WP_Hook->apply_filters, wdtGetAjaxData, WPDataTable->queryBasedConstruct
[03-Dec-2020 21:30:25 UTC] WordPress database error You have an error in your SQL syntax; check the manual that corresponds to your MySQL server version for the right syntax to use near 'maskapai ``.`Maskapai_ID` LIKE '0%' ORDER BY `Maskapai_nama` ASC LIMIT 10' at line 1 for query SELECT SQL_CALC_FOUND_ROWS * FROM `maskapai` WHERE `` maskapai ``.`Maskapai_ID` LIKE '0%' ORDER BY `Maskapai_nama` ASC LIMIT 10 made by do_action('wp_ajax_get_wdtable'), WP_Hook->do_action, WP_Hook->apply_filters, wdtGetAjaxData, WPDataTable->queryBasedConstruct
[03-Dec-2020 21:30:25 UTC] WordPress database error You have an error in your SQL syntax; check the manual that corresponds to your MySQL server version for the right syntax to use near 'maskapai ``.`Maskapai_ID` LIKE '0%' ORDER BY `Maskapai_nama` ASC LIMIT 10' at line 1 for query SELECT SQL_CALC_FOUND_ROWS * FROM `maskapai` WHERE `` maskapai ``.`Maskapai_ID` LIKE '0%' ORDER BY `Maskapai_nama` ASC LIMIT 10 made by do_action('wp_ajax_get_wdtable'), WP_Hook->do_action, WP_Hook->apply_filters, wdtGetAjaxData, WPDataTable->queryBasedConstruct
[03-Dec-2020 21:30:25 UTC] WordPress database error You have an error in your SQL syntax; check the manual that corresponds to your MySQL server version for the right syntax to use near 'maskapai ``.`Maskapai_ID` LIKE '0%' ORDER BY `Maskapai_nama` ASC LIMIT 10' at line 1 for query SELECT SQL_CALC_FOUND_ROWS * FROM `maskapai` WHERE `` maskapai ``.`Maskapai_ID` LIKE '0%' ORDER BY `Maskapai_nama` ASC LIMIT 10 made by do_action('wp_ajax_get_wdtable'), WP_Hook->do_action, WP_Hook->apply_filters, wdtGetAjaxData, WPDataTable->queryBasedConstruct
[03-Dec-2020 21:30:25 UTC] WordPress database error You have an error in your SQL syntax; check the manual that corresponds to your MySQL server version for the right syntax to use near 'maskapai ``.`Maskapai_ID` LIKE '0%' ORDER BY `Maskapai_nama` ASC LIMIT 10' at line 1 for query SELECT SQL_CALC_FOUND_ROWS * FROM `maskapai` WHERE `` maskapai ``.`Maskapai_ID` LIKE '0%' ORDER BY `Maskapai_nama` ASC LIMIT 10 made by do_action('wp_ajax_get_wdtable'), WP_Hook->do_action, WP_Hook->apply_filters, wdtGetAjaxData, WPDataTable->queryBasedConstruct
[03-Dec-2020 21:30:26 UTC] WordPress database error You have an error in your SQL syntax; check the manual that corresponds to your MySQL server version for the right syntax to use near 'maskapai ``.`Maskapai_ID` LIKE '0%' ORDER BY `Maskapai_nama` ASC LIMIT 10' at line 1 for query SELECT SQL_CALC_FOUND_ROWS * FROM `maskapai` WHERE `` maskapai ``.`Maskapai_ID` LIKE '0%' ORDER BY `Maskapai_nama` ASC LIMIT 10 made by do_action('wp_ajax_get_wdtable'), WP_Hook->do_action, WP_Hook->apply_filters, wdtGetAjaxData, WPDataTable->queryBasedConstruct
[03-Dec-2020 21:30:26 UTC] WordPress database error You have an error in your SQL syntax; check the manual that corresponds to your MySQL server version for the right syntax to use near 'maskapai ``.`Maskapai_ID` LIKE '0%' ORDER BY `Maskapai_nama` ASC LIMIT 10' at line 1 for query SELECT SQL_CALC_FOUND_ROWS * FROM `maskapai` WHERE `` maskapai ``.`Maskapai_ID` LIKE '0%' ORDER BY `Maskapai_nama` ASC LIMIT 10 made by do_action('wp_ajax_get_wdtable'), WP_Hook->do_action, WP_Hook->apply_filters, wdtGetAjaxData, WPDataTable->queryBasedConstruct
[03-Dec-2020 21:30:26 UTC] WordPress database error You have an error in your SQL syntax; check the manual that corresponds to your MySQL server version for the right syntax to use near 'maskapai ``.`Maskapai_ID` LIKE '0%' ORDER BY `Maskapai_nama` ASC LIMIT 10' at line 1 for query SELECT SQL_CALC_FOUND_ROWS * FROM `maskapai` WHERE `` maskapai ``.`Maskapai_ID` LIKE '0%' ORDER BY `Maskapai_nama` ASC LIMIT 10 made by do_action('wp_ajax_get_wdtable'), WP_Hook->do_action, WP_Hook->apply_filters, wdtGetAjaxData, WPDataTable->queryBasedConstruct
[03-Dec-2020 21:30:28 UTC] WordPress database error You have an error in your SQL syntax; check the manual that corresponds to your MySQL server version for the right syntax to use near 'maskapai ``.`Maskapai_ID` LIKE '0%' ORDER BY `Maskapai_nama` ASC LIMIT 10' at line 1 for query SELECT SQL_CALC_FOUND_ROWS * FROM `maskapai` WHERE `` maskapai ``.`Maskapai_ID` LIKE '0%' ORDER BY `Maskapai_nama` ASC LIMIT 10 made by do_action('wp_ajax_get_wdtable'), WP_Hook->do_action, WP_Hook->apply_filters, wdtGetAjaxData, WPDataTable->queryBasedConstruct
[03-Dec-2020 21:30:28 UTC] WordPress database error You have an error in your SQL syntax; check the manual that corresponds to your MySQL server version for the right syntax to use near 'maskapai ``.`Maskapai_ID` LIKE '0%' ORDER BY `Maskapai_nama` ASC LIMIT 10' at line 1 for query SELECT SQL_CALC_FOUND_ROWS * FROM `maskapai` WHERE `` maskapai ``.`Maskapai_ID` LIKE '0%' ORDER BY `Maskapai_nama` ASC LIMIT 10 made by do_action('wp_ajax_get_wdtable'), WP_Hook->do_action, WP_Hook->apply_filters, wdtGetAjaxData, WPDataTable->queryBasedConstruct
[03-Dec-2020 21:30:29 UTC] WordPress database error You have an error in your SQL syntax; check the manual that corresponds to your MySQL server version for the right syntax to use near 'maskapai ``.`Maskapai_ID` LIKE '0%' ORDER BY `Maskapai_nama` ASC LIMIT 10' at line 1 for query SELECT SQL_CALC_FOUND_ROWS * FROM `maskapai` WHERE `` maskapai ``.`Maskapai_ID` LIKE '0%' ORDER BY `Maskapai_nama` ASC LIMIT 10 made by do_action('wp_ajax_get_wdtable'), WP_Hook->do_action, WP_Hook->apply_filters, wdtGetAjaxData, WPDataTable->queryBasedConstruct
[03-Dec-2020 21:30:30 UTC] WordPress database error You have an error in your SQL syntax; check the manual that corresponds to your MySQL server version for the right syntax to use near 'maskapai ``.`Maskapai_ID` LIKE '0%' ORDER BY `Maskapai_nama` ASC LIMIT 10' at line 1 for query SELECT SQL_CALC_FOUND_ROWS * FROM `maskapai` WHERE `` maskapai ``.`Maskapai_ID` LIKE '0%' ORDER BY `Maskapai_nama` ASC LIMIT 10 made by do_action('wp_ajax_get_wdtable'), WP_Hook->do_action, WP_Hook->apply_filters, wdtGetAjaxData, WPDataTable->queryBasedConstruct
[03-Dec-2020 21:30:30 UTC] WordPress database error You have an error in your SQL syntax; check the manual that corresponds to your MySQL server version for the right syntax to use near 'maskapai ``.`Maskapai_ID` LIKE '0%' ORDER BY `Maskapai_nama` ASC LIMIT 10' at line 1 for query SELECT SQL_CALC_FOUND_ROWS * FROM `maskapai` WHERE `` maskapai ``.`Maskapai_ID` LIKE '0%' ORDER BY `Maskapai_nama` ASC LIMIT 10 made by do_action('wp_ajax_get_wdtable'), WP_Hook->do_action, WP_Hook->apply_filters, wdtGetAjaxData, WPDataTable->queryBasedConstruct
[03-Dec-2020 21:30:30 UTC] WordPress database error You have an error in your SQL syntax; check the manual that corresponds to your MySQL server version for the right syntax to use near 'maskapai ``.`Maskapai_ID` LIKE '0%' ORDER BY `Maskapai_nama` ASC LIMIT 10' at line 1 for query SELECT SQL_CALC_FOUND_ROWS * FROM `maskapai` WHERE `` maskapai ``.`Maskapai_ID` LIKE '0%' ORDER BY `Maskapai_nama` ASC LIMIT 10 made by do_action('wp_ajax_get_wdtable'), WP_Hook->do_action, WP_Hook->apply_filters, wdtGetAjaxData, WPDataTable->queryBasedConstruct
[03-Dec-2020 21:30:31 UTC] WordPress database error You have an error in your SQL syntax; check the manual that corresponds to your MySQL server version for the right syntax to use near 'maskapai ``.`Maskapai_ID` LIKE '0%' ORDER BY `Maskapai_nama` ASC LIMIT 10' at line 1 for query SELECT SQL_CALC_FOUND_ROWS * FROM `maskapai` WHERE `` maskapai ``.`Maskapai_ID` LIKE '0%' ORDER BY `Maskapai_nama` ASC LIMIT 10 made by do_action('wp_ajax_get_wdtable'), WP_Hook->do_action, WP_Hook->apply_filters, wdtGetAjaxData, WPDataTable->queryBasedConstruct
[03-Dec-2020 21:30:31 UTC] WordPress database error You have an error in your SQL syntax; check the manual that corresponds to your MySQL server version for the right syntax to use near 'maskapai ``.`Maskapai_ID` LIKE '0%' ORDER BY `Maskapai_nama` ASC LIMIT 10' at line 1 for query SELECT SQL_CALC_FOUND_ROWS * FROM `maskapai` WHERE `` maskapai ``.`Maskapai_ID` LIKE '0%' ORDER BY `Maskapai_nama` ASC LIMIT 10 made by do_action('wp_ajax_get_wdtable'), WP_Hook->do_action, WP_Hook->apply_filters, wdtGetAjaxData, WPDataTable->queryBasedConstruct
[03-Dec-2020 21:30:31 UTC] WordPress database error You have an error in your SQL syntax; check the manual that corresponds to your MySQL server version for the right syntax to use near 'maskapai ``.`Maskapai_ID` LIKE '0%' ORDER BY `Maskapai_nama` ASC LIMIT 10' at line 1 for query SELECT SQL_CALC_FOUND_ROWS * FROM `maskapai` WHERE `` maskapai ``.`Maskapai_ID` LIKE '0%' ORDER BY `Maskapai_nama` ASC LIMIT 10 made by do_action('wp_ajax_get_wdtable'), WP_Hook->do_action, WP_Hook->apply_filters, wdtGetAjaxData, WPDataTable->queryBasedConstruct
[03-Dec-2020 21:30:33 UTC] WordPress database error You have an error in your SQL syntax; check the manual that corresponds to your MySQL server version for the right syntax to use near 'maskapai ``.`Maskapai_ID` LIKE '0%' ORDER BY `Maskapai_nama` ASC LIMIT 10' at line 1 for query SELECT SQL_CALC_FOUND_ROWS * FROM `maskapai` WHERE `` maskapai ``.`Maskapai_ID` LIKE '0%' ORDER BY `Maskapai_nama` ASC LIMIT 10 made by do_action('wp_ajax_get_wdtable'), WP_Hook->do_action, WP_Hook->apply_filters, wdtGetAjaxData, WPDataTable->queryBasedConstruct
[03-Dec-2020 21:30:33 UTC] WordPress database error You have an error in your SQL syntax; check the manual that corresponds to your MySQL server version for the right syntax to use near 'maskapai ``.`Maskapai_ID` LIKE '0%' ORDER BY `Maskapai_nama` ASC LIMIT 10' at line 1 for query SELECT SQL_CALC_FOUND_ROWS * FROM `maskapai` WHERE `` maskapai ``.`Maskapai_ID` LIKE '0%' ORDER BY `Maskapai_nama` ASC LIMIT 10 made by do_action('wp_ajax_get_wdtable'), WP_Hook->do_action, WP_Hook->apply_filters, wdtGetAjaxData, WPDataTable->queryBasedConstruct
[03-Dec-2020 21:30:34 UTC] WordPress database error You have an error in your SQL syntax; check the manual that corresponds to your MySQL server version for the right syntax to use near 'maskapai ``.`Maskapai_ID` LIKE '0%' ORDER BY `Maskapai_nama` ASC LIMIT 10' at line 1 for query SELECT SQL_CALC_FOUND_ROWS * FROM `maskapai` WHERE `` maskapai ``.`Maskapai_ID` LIKE '0%' ORDER BY `Maskapai_nama` ASC LIMIT 10 made by do_action('wp_ajax_get_wdtable'), WP_Hook->do_action, WP_Hook->apply_filters, wdtGetAjaxData, WPDataTable->queryBasedConstruct
[03-Dec-2020 21:30:35 UTC] WordPress database error You have an error in your SQL syntax; check the manual that corresponds to your MySQL server version for the right syntax to use near 'maskapai ``.`Maskapai_ID` LIKE '0%' ORDER BY `Maskapai_nama` ASC LIMIT 10' at line 1 for query SELECT SQL_CALC_FOUND_ROWS * FROM `maskapai` WHERE `` maskapai ``.`Maskapai_ID` LIKE '0%' ORDER BY `Maskapai_nama` ASC LIMIT 10 made by do_action('wp_ajax_get_wdtable'), WP_Hook->do_action, WP_Hook->apply_filters, wdtGetAjaxData, WPDataTable->queryBasedConstruct
[03-Dec-2020 21:30:35 UTC] WordPress database error You have an error in your SQL syntax; check the manual that corresponds to your MySQL server version for the right syntax to use near 'maskapai ``.`Maskapai_ID` LIKE '0%' ORDER BY `Maskapai_nama` ASC LIMIT 10' at line 1 for query SELECT SQL_CALC_FOUND_ROWS * FROM `maskapai` WHERE `` maskapai ``.`Maskapai_ID` LIKE '0%' ORDER BY `Maskapai_nama` ASC LIMIT 10 made by do_action('wp_ajax_get_wdtable'), WP_Hook->do_action, WP_Hook->apply_filters, wdtGetAjaxData, WPDataTable->queryBasedConstruct
[03-Dec-2020 21:30:35 UTC] WordPress database error You have an error in your SQL syntax; check the manual that corresponds to your MySQL server version for the right syntax to use near 'maskapai ``.`Maskapai_ID` LIKE '0%' ORDER BY `Maskapai_nama` ASC LIMIT 10' at line 1 for query SELECT SQL_CALC_FOUND_ROWS * FROM `maskapai` WHERE `` maskapai ``.`Maskapai_ID` LIKE '0%' ORDER BY `Maskapai_nama` ASC LIMIT 10 made by do_action('wp_ajax_get_wdtable'), WP_Hook->do_action, WP_Hook->apply_filters, wdtGetAjaxData, WPDataTable->queryBasedConstruct
[03-Dec-2020 21:30:36 UTC] WordPress database error You have an error in your SQL syntax; check the manual that corresponds to your MySQL server version for the right syntax to use near 'maskapai ``.`Maskapai_ID` LIKE '0%' ORDER BY `Maskapai_nama` ASC LIMIT 10' at line 1 for query SELECT SQL_CALC_FOUND_ROWS * FROM `maskapai` WHERE `` maskapai ``.`Maskapai_ID` LIKE '0%' ORDER BY `Maskapai_nama` ASC LIMIT 10 made by do_action('wp_ajax_get_wdtable'), WP_Hook->do_action, WP_Hook->apply_filters, wdtGetAjaxData, WPDataTable->queryBasedConstruct
[03-Dec-2020 21:30:36 UTC] WordPress database error You have an error in your SQL syntax; check the manual that corresponds to your MySQL server version for the right syntax to use near 'maskapai ``.`Maskapai_ID` LIKE '0%' ORDER BY `Maskapai_nama` ASC LIMIT 10' at line 1 for query SELECT SQL_CALC_FOUND_ROWS * FROM `maskapai` WHERE `` maskapai ``.`Maskapai_ID` LIKE '0%' ORDER BY `Maskapai_nama` ASC LIMIT 10 made by do_action('wp_ajax_get_wdtable'), WP_Hook->do_action, WP_Hook->apply_filters, wdtGetAjaxData, WPDataTable->queryBasedConstruct
[03-Dec-2020 21:30:36 UTC] WordPress database error You have an error in your SQL syntax; check the manual that corresponds to your MySQL server version for the right syntax to use near 'maskapai ``.`Maskapai_ID` LIKE '0%' ORDER BY `Maskapai_nama` ASC LIMIT 10' at line 1 for query SELECT SQL_CALC_FOUND_ROWS * FROM `maskapai` WHERE `` maskapai ``.`Maskapai_ID` LIKE '0%' ORDER BY `Maskapai_nama` ASC LIMIT 10 made by do_action('wp_ajax_get_wdtable'), WP_Hook->do_action, WP_Hook->apply_filters, wdtGetAjaxData, WPDataTable->queryBasedConstruct
[03-Dec-2020 21:30:38 UTC] WordPress database error You have an error in your SQL syntax; check the manual that corresponds to your MySQL server version for the right syntax to use near 'maskapai ``.`Maskapai_ID` LIKE '0%' ORDER BY `Maskapai_nama` ASC LIMIT 10' at line 1 for query SELECT SQL_CALC_FOUND_ROWS * FROM `maskapai` WHERE `` maskapai ``.`Maskapai_ID` LIKE '0%' ORDER BY `Maskapai_nama` ASC LIMIT 10 made by do_action('wp_ajax_get_wdtable'), WP_Hook->do_action, WP_Hook->apply_filters, wdtGetAjaxData, WPDataTable->queryBasedConstruct
[03-Dec-2020 21:30:38 UTC] WordPress database error You have an error in your SQL syntax; check the manual that corresponds to your MySQL server version for the right syntax to use near 'maskapai ``.`Maskapai_ID` LIKE '0%' ORDER BY `Maskapai_nama` ASC LIMIT 10' at line 1 for query SELECT SQL_CALC_FOUND_ROWS * FROM `maskapai` WHERE `` maskapai ``.`Maskapai_ID` LIKE '0%' ORDER BY `Maskapai_nama` ASC LIMIT 10 made by do_action('wp_ajax_get_wdtable'), WP_Hook->do_action, WP_Hook->apply_filters, wdtGetAjaxData, WPDataTable->queryBasedConstruct
[03-Dec-2020 21:30:39 UTC] WordPress database error You have an error in your SQL syntax; check the manual that corresponds to your MySQL server version for the right syntax to use near 'maskapai ``.`Maskapai_ID` LIKE '0%' ORDER BY `Maskapai_nama` ASC LIMIT 10' at line 1 for query SELECT SQL_CALC_FOUND_ROWS * FROM `maskapai` WHERE `` maskapai ``.`Maskapai_ID` LIKE '0%' ORDER BY `Maskapai_nama` ASC LIMIT 10 made by do_action('wp_ajax_get_wdtable'), WP_Hook->do_action, WP_Hook->apply_filters, wdtGetAjaxData, WPDataTable->queryBasedConstruct
[03-Dec-2020 21:30:40 UTC] WordPress database error You have an error in your SQL syntax; check the manual that corresponds to your MySQL server version for the right syntax to use near 'maskapai ``.`Maskapai_ID` LIKE '1%' ORDER BY `Maskapai_nama` ASC LIMIT 10' at line 1 for query SELECT SQL_CALC_FOUND_ROWS * FROM `maskapai` WHERE `` maskapai ``.`Maskapai_ID` LIKE '1%' ORDER BY `Maskapai_nama` ASC LIMIT 10 made by do_action('wp_ajax_get_wdtable'), WP_Hook->do_action, WP_Hook->apply_filters, wdtGetAjaxData, WPDataTable->queryBasedConstruct
[03-Dec-2020 21:30:40 UTC] WordPress database error You have an error in your SQL syntax; check the manual that corresponds to your MySQL server version for the right syntax to use near 'maskapai ``.`Maskapai_ID` LIKE '1%' ORDER BY `Maskapai_nama` ASC LIMIT 10' at line 1 for query SELECT SQL_CALC_FOUND_ROWS * FROM `maskapai` WHERE `` maskapai ``.`Maskapai_ID` LIKE '1%' ORDER BY `Maskapai_nama` ASC LIMIT 10 made by do_action('wp_ajax_get_wdtable'), WP_Hook->do_action, WP_Hook->apply_filters, wdtGetAjaxData, WPDataTable->queryBasedConstruct
[03-Dec-2020 21:30:40 UTC] WordPress database error You have an error in your SQL syntax; check the manual that corresponds to your MySQL server version for the right syntax to use near 'maskapai ``.`Maskapai_ID` LIKE '1%' ORDER BY `Maskapai_nama` ASC LIMIT 10' at line 1 for query SELECT SQL_CALC_FOUND_ROWS * FROM `maskapai` WHERE `` maskapai ``.`Maskapai_ID` LIKE '1%' ORDER BY `Maskapai_nama` ASC LIMIT 10 made by do_action('wp_ajax_get_wdtable'), WP_Hook->do_action, WP_Hook->apply_filters, wdtGetAjaxData, WPDataTable->queryBasedConstruct
[03-Dec-2020 21:30:40 UTC] WordPress database error You have an error in your SQL syntax; check the manual that corresponds to your MySQL server version for the right syntax to use near 'maskapai ``.`Maskapai_ID` LIKE '1%' ORDER BY `Maskapai_nama` ASC LIMIT 10' at line 1 for query SELECT SQL_CALC_FOUND_ROWS * FROM `maskapai` WHERE `` maskapai ``.`Maskapai_ID` LIKE '1%' ORDER BY `Maskapai_nama` ASC LIMIT 10 made by do_action('wp_ajax_get_wdtable'), WP_Hook->do_action, WP_Hook->apply_filters, wdtGetAjaxData, WPDataTable->queryBasedConstruct
[03-Dec-2020 21:30:41 UTC] WordPress database error You have an error in your SQL syntax; check the manual that corresponds to your MySQL server version for the right syntax to use near 'maskapai ``.`Maskapai_ID` LIKE '1%' ORDER BY `Maskapai_nama` ASC LIMIT 10' at line 1 for query SELECT SQL_CALC_FOUND_ROWS * FROM `maskapai` WHERE `` maskapai ``.`Maskapai_ID` LIKE '1%' ORDER BY `Maskapai_nama` ASC LIMIT 10 made by do_action('wp_ajax_get_wdtable'), WP_Hook->do_action, WP_Hook->apply_filters, wdtGetAjaxData, WPDataTable->queryBasedConstruct
[03-Dec-2020 21:30:41 UTC] WordPress database error You have an error in your SQL syntax; check the manual that corresponds to your MySQL server version for the right syntax to use near 'maskapai ``.`Maskapai_ID` LIKE '1%' ORDER BY `Maskapai_nama` ASC LIMIT 10' at line 1 for query SELECT SQL_CALC_FOUND_ROWS * FROM `maskapai` WHERE `` maskapai ``.`Maskapai_ID` LIKE '1%' ORDER BY `Maskapai_nama` ASC LIMIT 10 made by do_action('wp_ajax_get_wdtable'), WP_Hook->do_action, WP_Hook->apply_filters, wdtGetAjaxData, WPDataTable->queryBasedConstruct
[03-Dec-2020 21:30:41 UTC] WordPress database error You have an error in your SQL syntax; check the manual that corresponds to your MySQL server version for the right syntax to use near 'maskapai ``.`Maskapai_ID` LIKE '2%' ORDER BY `Maskapai_nama` ASC LIMIT 10' at line 1 for query SELECT SQL_CALC_FOUND_ROWS * FROM `maskapai` WHERE `` maskapai ``.`Maskapai_ID` LIKE '2%' ORDER BY `Maskapai_nama` ASC LIMIT 10 made by do_action('wp_ajax_get_wdtable'), WP_Hook->do_action, WP_Hook->apply_filters, wdtGetAjaxData, WPDataTable->queryBasedConstruct
[03-Dec-2020 21:30:41 UTC] WordPress database error You have an error in your SQL syntax; check the manual that corresponds to your MySQL server version for the right syntax to use near 'maskapai ``.`Maskapai_ID` LIKE '2%' ORDER BY `Maskapai_nama` ASC LIMIT 10' at line 1 for query SELECT SQL_CALC_FOUND_ROWS * FROM `maskapai` WHERE `` maskapai ``.`Maskapai_ID` LIKE '2%' ORDER BY `Maskapai_nama` ASC LIMIT 10 made by do_action('wp_ajax_get_wdtable'), WP_Hook->do_action, WP_Hook->apply_filters, wdtGetAjaxData, WPDataTable->queryBasedConstruct
[03-Dec-2020 21:30:43 UTC] WordPress database error You have an error in your SQL syntax; check the manual that corresponds to your MySQL server version for the right syntax to use near 'maskapai ``.`Maskapai_ID` LIKE '3%' ORDER BY `Maskapai_nama` ASC LIMIT 10' at line 1 for query SELECT SQL_CALC_FOUND_ROWS * FROM `maskapai` WHERE `` maskapai ``.`Maskapai_ID` LIKE '3%' ORDER BY `Maskapai_nama` ASC LIMIT 10 made by do_action('wp_ajax_get_wdtable'), WP_Hook->do_action, WP_Hook->apply_filters, wdtGetAjaxData, WPDataTable->queryBasedConstruct
[03-Dec-2020 21:30:43 UTC] WordPress database error You have an error in your SQL syntax; check the manual that corresponds to your MySQL server version for the right syntax to use near 'maskapai ``.`Maskapai_ID` LIKE '3%' ORDER BY `Maskapai_nama` ASC LIMIT 10' at line 1 for query SELECT SQL_CALC_FOUND_ROWS * FROM `maskapai` WHERE `` maskapai ``.`Maskapai_ID` LIKE '3%' ORDER BY `Maskapai_nama` ASC LIMIT 10 made by do_action('wp_ajax_get_wdtable'), WP_Hook->do_action, WP_Hook->apply_filters, wdtGetAjaxData, WPDataTable->queryBasedConstruct
[03-Dec-2020 21:30:43 UTC] WordPress database error You have an error in your SQL syntax; check the manual that corresponds to your MySQL server version for the right syntax to use near 'maskapai ``.`Maskapai_ID` LIKE '6%' ORDER BY `Maskapai_nama` ASC LIMIT 10' at line 1 for query SELECT SQL_CALC_FOUND_ROWS * FROM `maskapai` WHERE `` maskapai ``.`Maskapai_ID` LIKE '6%' ORDER BY `Maskapai_nama` ASC LIMIT 10 made by do_action('wp_ajax_get_wdtable'), WP_Hook->do_action, WP_Hook->apply_filters, wdtGetAjaxData, WPDataTable->queryBasedConstruct
[03-Dec-2020 21:30:43 UTC] WordPress database error You have an error in your SQL syntax; check the manual that corresponds to your MySQL server version for the right syntax to use near 'maskapai ``.`Maskapai_ID` LIKE '6%' ORDER BY `Maskapai_nama` ASC LIMIT 10' at line 1 for query SELECT SQL_CALC_FOUND_ROWS * FROM `maskapai` WHERE `` maskapai ``.`Maskapai_ID` LIKE '6%' ORDER BY `Maskapai_nama` ASC LIMIT 10 made by do_action('wp_ajax_get_wdtable'), WP_Hook->do_action, WP_Hook->apply_filters, wdtGetAjaxData, WPDataTable->queryBasedConstruct
[03-Dec-2020 21:30:44 UTC] WordPress database error You have an error in your SQL syntax; check the manual that corresponds to your MySQL server version for the right syntax to use near 'maskapai ``.`Maskapai_ID` LIKE '6%' ORDER BY `Maskapai_nama` ASC LIMIT 10' at line 1 for query SELECT SQL_CALC_FOUND_ROWS * FROM `maskapai` WHERE `` maskapai ``.`Maskapai_ID` LIKE '6%' ORDER BY `Maskapai_nama` ASC LIMIT 10 made by do_action('wp_ajax_get_wdtable'), WP_Hook->do_action, WP_Hook->apply_filters, wdtGetAjaxData, WPDataTable->queryBasedConstruct
[03-Dec-2020 21:30:45 UTC] WordPress database error You have an error in your SQL syntax; check the manual that corresponds to your MySQL server version for the right syntax to use near 'maskapai ``.`Maskapai_ID` LIKE '6%' ORDER BY `Maskapai_nama` ASC LIMIT 10' at line 1 for query SELECT SQL_CALC_FOUND_ROWS * FROM `maskapai` WHERE `` maskapai ``.`Maskapai_ID` LIKE '6%' ORDER BY `Maskapai_nama` ASC LIMIT 10 made by do_action('wp_ajax_get_wdtable'), WP_Hook->do_action, WP_Hook->apply_filters, wdtGetAjaxData, WPDataTable->queryBasedConstruct
[03-Dec-2020 21:30:45 UTC] WordPress database error You have an error in your SQL syntax; check the manual that corresponds to your MySQL server version for the right syntax to use near 'maskapai ``.`Maskapai_ID` LIKE '6%' ORDER BY `Maskapai_nama` ASC LIMIT 10' at line 1 for query SELECT SQL_CALC_FOUND_ROWS * FROM `maskapai` WHERE `` maskapai ``.`Maskapai_ID` LIKE '6%' ORDER BY `Maskapai_nama` ASC LIMIT 10 made by do_action('wp_ajax_get_wdtable'), WP_Hook->do_action, WP_Hook->apply_filters, wdtGetAjaxData, WPDataTable->queryBasedConstruct
[03-Dec-2020 21:30:45 UTC] WordPress database error You have an error in your SQL syntax; check the manual that corresponds to your MySQL server version for the right syntax to use near 'maskapai ``.`Maskapai_ID` LIKE '6%' ORDER BY `Maskapai_nama` ASC LIMIT 10' at line 1 for query SELECT SQL_CALC_FOUND_ROWS * FROM `maskapai` WHERE `` maskapai ``.`Maskapai_ID` LIKE '6%' ORDER BY `Maskapai_nama` ASC LIMIT 10 made by do_action('wp_ajax_get_wdtable'), WP_Hook->do_action, WP_Hook->apply_filters, wdtGetAjaxData, WPDataTable->queryBasedConstruct
[03-Dec-2020 21:30:46 UTC] WordPress database error You have an error in your SQL syntax; check the manual that corresponds to your MySQL server version for the right syntax to use near 'maskapai ``.`Maskapai_ID` LIKE '6%' ORDER BY `Maskapai_nama` ASC LIMIT 10' at line 1 for query SELECT SQL_CALC_FOUND_ROWS * FROM `maskapai` WHERE `` maskapai ``.`Maskapai_ID` LIKE '6%' ORDER BY `Maskapai_nama` ASC LIMIT 10 made by do_action('wp_ajax_get_wdtable'), WP_Hook->do_action, WP_Hook->apply_filters, wdtGetAjaxData, WPDataTable->queryBasedConstruct
[03-Dec-2020 21:30:46 UTC] WordPress database error You have an error in your SQL syntax; check the manual that corresponds to your MySQL server version for the right syntax to use near 'maskapai ``.`Maskapai_ID` LIKE '6%' ORDER BY `Maskapai_nama` ASC LIMIT 10' at line 1 for query SELECT SQL_CALC_FOUND_ROWS * FROM `maskapai` WHERE `` maskapai ``.`Maskapai_ID` LIKE '6%' ORDER BY `Maskapai_nama` ASC LIMIT 10 made by do_action('wp_ajax_get_wdtable'), WP_Hook->do_action, WP_Hook->apply_filters, wdtGetAjaxData, WPDataTable->queryBasedConstruct
[03-Dec-2020 21:30:46 UTC] WordPress database error You have an error in your SQL syntax; check the manual that corresponds to your MySQL server version for the right syntax to use near 'maskapai ``.`Maskapai_ID` LIKE '6%' ORDER BY `Maskapai_nama` ASC LIMIT 10' at line 1 for query SELECT SQL_CALC_FOUND_ROWS * FROM `maskapai` WHERE `` maskapai ``.`Maskapai_ID` LIKE '6%' ORDER BY `Maskapai_nama` ASC LIMIT 10 made by do_action('wp_ajax_get_wdtable'), WP_Hook->do_action, WP_Hook->apply_filters, wdtGetAjaxData, WPDataTable->queryBasedConstruct
[03-Dec-2020 21:31:10 UTC] WordPress database error You have an error in your SQL syntax; check the manual that corresponds to your MySQL server version for the right syntax to use near 'maskapai ``.`Maskapai_ID` LIKE '%c%' OR `` maskapai ``.`Maskapai_nama` LIKE '%c%' at line 1 for query SELECT SQL_CALC_FOUND_ROWS * FROM `maskapai` WHERE (`` maskapai ``.`Maskapai_ID` LIKE '%c%' OR `` maskapai ``.`Maskapai_nama` LIKE '%c%') ORDER BY `Maskapai_nama` ASC LIMIT 10 made by do_action('wp_ajax_get_wdtable'), WP_Hook->do_action, WP_Hook->apply_filters, wdtGetAjaxData, WPDataTable->queryBasedConstruct
[03-Dec-2020 21:31:10 UTC] WordPress database error You have an error in your SQL syntax; check the manual that corresponds to your MySQL server version for the right syntax to use near 'maskapai ``.`Maskapai_ID` LIKE '%c%' OR `` maskapai ``.`Maskapai_nama` LIKE '%c%' at line 1 for query SELECT SQL_CALC_FOUND_ROWS * FROM `maskapai` WHERE (`` maskapai ``.`Maskapai_ID` LIKE '%c%' OR `` maskapai ``.`Maskapai_nama` LIKE '%c%') ORDER BY `Maskapai_nama` ASC LIMIT 10 made by do_action('wp_ajax_get_wdtable'), WP_Hook->do_action, WP_Hook->apply_filters, wdtGetAjaxData, WPDataTable->queryBasedConstruct
[03-Dec-2020 21:31:10 UTC] WordPress database error You have an error in your SQL syntax; check the manual that corresponds to your MySQL server version for the right syntax to use near 'maskapai ``.`Maskapai_ID` LIKE '%c%' OR `` maskapai ``.`Maskapai_nama` LIKE '%c%' at line 1 for query SELECT SQL_CALC_FOUND_ROWS * FROM `maskapai` WHERE (`` maskapai ``.`Maskapai_ID` LIKE '%c%' OR `` maskapai ``.`Maskapai_nama` LIKE '%c%') ORDER BY `Maskapai_nama` ASC LIMIT 10 made by do_action('wp_ajax_get_wdtable'), WP_Hook->do_action, WP_Hook->apply_filters, wdtGetAjaxData, WPDataTable->queryBasedConstruct
[03-Dec-2020 21:31:10 UTC] WordPress database error You have an error in your SQL syntax; check the manual that corresponds to your MySQL server version for the right syntax to use near 'maskapai ``.`Maskapai_ID` LIKE '%c%' OR `` maskapai ``.`Maskapai_nama` LIKE '%c%' at line 1 for query SELECT SQL_CALC_FOUND_ROWS * FROM `maskapai` WHERE (`` maskapai ``.`Maskapai_ID` LIKE '%c%' OR `` maskapai ``.`Maskapai_nama` LIKE '%c%') ORDER BY `Maskapai_nama` ASC LIMIT 10 made by do_action('wp_ajax_get_wdtable'), WP_Hook->do_action, WP_Hook->apply_filters, wdtGetAjaxData, WPDataTable->queryBasedConstruct
[03-Dec-2020 21:31:11 UTC] WordPress database error You have an error in your SQL syntax; check the manual that corresponds to your MySQL server version for the right syntax to use near 'maskapai ``.`Maskapai_ID` LIKE '%ci%' OR `` maskapai ``.`Maskapai_nama` LIKE '%c' at line 1 for query SELECT SQL_CALC_FOUND_ROWS * FROM `maskapai` WHERE (`` maskapai ``.`Maskapai_ID` LIKE '%ci%' OR `` maskapai ``.`Maskapai_nama` LIKE '%ci%') ORDER BY `Maskapai_nama` ASC LIMIT 10 made by do_action('wp_ajax_get_wdtable'), WP_Hook->do_action, WP_Hook->apply_filters, wdtGetAjaxData, WPDataTable->queryBasedConstruct
[03-Dec-2020 21:31:11 UTC] WordPress database error You have an error in your SQL syntax; check the manual that corresponds to your MySQL server version for the right syntax to use near 'maskapai ``.`Maskapai_ID` LIKE '%ci%' OR `` maskapai ``.`Maskapai_nama` LIKE '%c' at line 1 for query SELECT SQL_CALC_FOUND_ROWS * FROM `maskapai` WHERE (`` maskapai ``.`Maskapai_ID` LIKE '%ci%' OR `` maskapai ``.`Maskapai_nama` LIKE '%ci%') ORDER BY `Maskapai_nama` ASC LIMIT 10 made by do_action('wp_ajax_get_wdtable'), WP_Hook->do_action, WP_Hook->apply_filters, wdtGetAjaxData, WPDataTable->queryBasedConstruct
[03-Dec-2020 21:31:11 UTC] WordPress database error You have an error in your SQL syntax; check the manual that corresponds to your MySQL server version for the right syntax to use near 'maskapai ``.`Maskapai_ID` LIKE '%c%' OR `` maskapai ``.`Maskapai_nama` LIKE '%c%' at line 1 for query SELECT SQL_CALC_FOUND_ROWS * FROM `maskapai` WHERE (`` maskapai ``.`Maskapai_ID` LIKE '%c%' OR `` maskapai ``.`Maskapai_nama` LIKE '%c%') ORDER BY `Maskapai_nama` ASC LIMIT 10 made by do_action('wp_ajax_get_wdtable'), WP_Hook->do_action, WP_Hook->apply_filters, wdtGetAjaxData, WPDataTable->queryBasedConstruct
[03-Dec-2020 21:31:11 UTC] WordPress database error You have an error in your SQL syntax; check the manual that corresponds to your MySQL server version for the right syntax to use near 'maskapai ``.`Maskapai_ID` LIKE '%c%' OR `` maskapai ``.`Maskapai_nama` LIKE '%c%' at line 1 for query SELECT SQL_CALC_FOUND_ROWS * FROM `maskapai` WHERE (`` maskapai ``.`Maskapai_ID` LIKE '%c%' OR `` maskapai ``.`Maskapai_nama` LIKE '%c%') ORDER BY `Maskapai_nama` ASC LIMIT 10 made by do_action('wp_ajax_get_wdtable'), WP_Hook->do_action, WP_Hook->apply_filters, wdtGetAjaxData, WPDataTable->queryBasedConstruct
[03-Dec-2020 21:31:11 UTC] WordPress database error You have an error in your SQL syntax; check the manual that corresponds to your MySQL server version for the right syntax to use near 'maskapai ``.`Maskapai_ID` LIKE '%c%' OR `` maskapai ``.`Maskapai_nama` LIKE '%c%' at line 1 for query SELECT SQL_CALC_FOUND_ROWS * FROM `maskapai` WHERE (`` maskapai ``.`Maskapai_ID` LIKE '%c%' OR `` maskapai ``.`Maskapai_nama` LIKE '%c%') ORDER BY `Maskapai_nama` ASC LIMIT 10 made by do_action('wp_ajax_get_wdtable'), WP_Hook->do_action, WP_Hook->apply_filters, wdtGetAjaxData, WPDataTable->queryBasedConstruct
[03-Dec-2020 21:31:30 UTC] WordPress database error You have an error in your SQL syntax; check the manual that corresponds to your MySQL server version for the right syntax to use near 'maskapai ``.`Maskapai_ID` LIKE '%c%' OR `` maskapai ``.`Maskapai_nama` LIKE '%c%' at line 1 for query SELECT SQL_CALC_FOUND_ROWS * FROM `maskapai` WHERE (`` maskapai ``.`Maskapai_ID` LIKE '%c%' OR `` maskapai ``.`Maskapai_nama` LIKE '%c%') ORDER BY `Maskapai_nama` ASC LIMIT 10 made by do_action('wp_ajax_get_wdtable'), WP_Hook->do_action, WP_Hook->apply_filters, wdtGetAjaxData, WPDataTable->queryBasedConstruct
[03-Dec-2020 21:31:30 UTC] WordPress database error You have an error in your SQL syntax; check the manual that corresponds to your MySQL server version for the right syntax to use near 'maskapai ``.`Maskapai_ID` LIKE '%ci%' OR `` maskapai ``.`Maskapai_nama` LIKE '%c' at line 1 for query SELECT SQL_CALC_FOUND_ROWS * FROM `maskapai` WHERE (`` maskapai ``.`Maskapai_ID` LIKE '%ci%' OR `` maskapai ``.`Maskapai_nama` LIKE '%ci%') ORDER BY `Maskapai_nama` ASC LIMIT 10 made by do_action('wp_ajax_get_wdtable'), WP_Hook->do_action, WP_Hook->apply_filters, wdtGetAjaxData, WPDataTable->queryBasedConstruct
[03-Dec-2020 21:31:30 UTC] WordPress database error You have an error in your SQL syntax; check the manual that corresponds to your MySQL server version for the right syntax to use near 'maskapai ``.`Maskapai_ID` LIKE '%ci%' OR `` maskapai ``.`Maskapai_nama` LIKE '%c' at line 1 for query SELECT SQL_CALC_FOUND_ROWS * FROM `maskapai` WHERE (`` maskapai ``.`Maskapai_ID` LIKE '%ci%' OR `` maskapai ``.`Maskapai_nama` LIKE '%ci%') ORDER BY `Maskapai_nama` ASC LIMIT 10 made by do_action('wp_ajax_get_wdtable'), WP_Hook->do_action, WP_Hook->apply_filters, wdtGetAjaxData, WPDataTable->queryBasedConstruct
[03-Dec-2020 21:31:30 UTC] WordPress database error You have an error in your SQL syntax; check the manual that corresponds to your MySQL server version for the right syntax to use near 'maskapai ``.`Maskapai_ID` LIKE '%ci%' OR `` maskapai ``.`Maskapai_nama` LIKE '%c' at line 1 for query SELECT SQL_CALC_FOUND_ROWS * FROM `maskapai` WHERE (`` maskapai ``.`Maskapai_ID` LIKE '%ci%' OR `` maskapai ``.`Maskapai_nama` LIKE '%ci%') ORDER BY `Maskapai_nama` ASC LIMIT 10 made by do_action('wp_ajax_get_wdtable'), WP_Hook->do_action, WP_Hook->apply_filters, wdtGetAjaxData, WPDataTable->queryBasedConstruct
[03-Dec-2020 21:31:30 UTC] WordPress database error You have an error in your SQL syntax; check the manual that corresponds to your MySQL server version for the right syntax to use near 'maskapai ``.`Maskapai_ID` LIKE '%ci%' OR `` maskapai ``.`Maskapai_nama` LIKE '%c' at line 1 for query SELECT SQL_CALC_FOUND_ROWS * FROM `maskapai` WHERE (`` maskapai ``.`Maskapai_ID` LIKE '%ci%' OR `` maskapai ``.`Maskapai_nama` LIKE '%ci%') ORDER BY `Maskapai_nama` ASC LIMIT 10 made by do_action('wp_ajax_get_wdtable'), WP_Hook->do_action, WP_Hook->apply_filters, wdtGetAjaxData, WPDataTable->queryBasedConstruct
[03-Dec-2020 21:31:31 UTC] WordPress database error You have an error in your SQL syntax; check the manual that corresponds to your MySQL server version for the right syntax to use near 'maskapai ``.`Maskapai_ID` LIKE '%citi%' OR `` maskapai ``.`Maskapai_nama` LIKE '' at line 1 for query SELECT SQL_CALC_FOUND_ROWS * FROM `maskapai` WHERE (`` maskapai ``.`Maskapai_ID` LIKE '%citi%' OR `` maskapai ``.`Maskapai_nama` LIKE '%citi%') ORDER BY `Maskapai_nama` ASC LIMIT 10 made by do_action('wp_ajax_get_wdtable'), WP_Hook->do_action, WP_Hook->apply_filters, wdtGetAjaxData, WPDataTable->queryBasedConstruct
[03-Dec-2020 21:31:31 UTC] WordPress database error You have an error in your SQL syntax; check the manual that corresponds to your MySQL server version for the right syntax to use near 'maskapai ``.`Maskapai_ID` LIKE '%cit%' OR `` maskapai ``.`Maskapai_nama` LIKE '%' at line 1 for query SELECT SQL_CALC_FOUND_ROWS * FROM `maskapai` WHERE (`` maskapai ``.`Maskapai_ID` LIKE '%cit%' OR `` maskapai ``.`Maskapai_nama` LIKE '%cit%') ORDER BY `Maskapai_nama` ASC LIMIT 10 made by do_action('wp_ajax_get_wdtable'), WP_Hook->do_action, WP_Hook->apply_filters, wdtGetAjaxData, WPDataTable->queryBasedConstruct
[03-Dec-2020 21:31:31 UTC] WordPress database error You have an error in your SQL syntax; check the manual that corresponds to your MySQL server version for the right syntax to use near 'maskapai ``.`Maskapai_ID` LIKE '%cit%' OR `` maskapai ``.`Maskapai_nama` LIKE '%' at line 1 for query SELECT SQL_CALC_FOUND_ROWS * FROM `maskapai` WHERE (`` maskapai ``.`Maskapai_ID` LIKE '%cit%' OR `` maskapai ``.`Maskapai_nama` LIKE '%cit%') ORDER BY `Maskapai_nama` ASC LIMIT 10 made by do_action('wp_ajax_get_wdtable'), WP_Hook->do_action, WP_Hook->apply_filters, wdtGetAjaxData, WPDataTable->queryBasedConstruct
[03-Dec-2020 21:31:31 UTC] WordPress database error You have an error in your SQL syntax; check the manual that corresponds to your MySQL server version for the right syntax to use near 'maskapai ``.`Maskapai_ID` LIKE '%cit%' OR `` maskapai ``.`Maskapai_nama` LIKE '%' at line 1 for query SELECT SQL_CALC_FOUND_ROWS * FROM `maskapai` WHERE (`` maskapai ``.`Maskapai_ID` LIKE '%cit%' OR `` maskapai ``.`Maskapai_nama` LIKE '%cit%') ORDER BY `Maskapai_nama` ASC LIMIT 10 made by do_action('wp_ajax_get_wdtable'), WP_Hook->do_action, WP_Hook->apply_filters, wdtGetAjaxData, WPDataTable->queryBasedConstruct
[03-Dec-2020 21:31:31 UTC] WordPress database error You have an error in your SQL syntax; check the manual that corresponds to your MySQL server version for the right syntax to use near 'maskapai ``.`Maskapai_ID` LIKE '%ci%' OR `` maskapai ``.`Maskapai_nama` LIKE '%c' at line 1 for query SELECT SQL_CALC_FOUND_ROWS * FROM `maskapai` WHERE (`` maskapai ``.`Maskapai_ID` LIKE '%ci%' OR `` maskapai ``.`Maskapai_nama` LIKE '%ci%') ORDER BY `Maskapai_nama` ASC LIMIT 10 made by do_action('wp_ajax_get_wdtable'), WP_Hook->do_action, WP_Hook->apply_filters, wdtGetAjaxData, WPDataTable->queryBasedConstruct
[03-Dec-2020 21:31:31 UTC] WordPress database error You have an error in your SQL syntax; check the manual that corresponds to your MySQL server version for the right syntax to use near 'maskapai ``.`Maskapai_ID` LIKE '%ci%' OR `` maskapai ``.`Maskapai_nama` LIKE '%c' at line 1 for query SELECT SQL_CALC_FOUND_ROWS * FROM `maskapai` WHERE (`` maskapai ``.`Maskapai_ID` LIKE '%ci%' OR `` maskapai ``.`Maskapai_nama` LIKE '%ci%') ORDER BY `Maskapai_nama` ASC LIMIT 10 made by do_action('wp_ajax_get_wdtable'), WP_Hook->do_action, WP_Hook->apply_filters, wdtGetAjaxData, WPDataTable->queryBasedConstruct
[03-Dec-2020 21:31:32 UTC] WordPress database error You have an error in your SQL syntax; check the manual that corresponds to your MySQL server version for the right syntax to use near 'maskapai ``.`Maskapai_ID` LIKE '%c%' OR `` maskapai ``.`Maskapai_nama` LIKE '%c%' at line 1 for query SELECT SQL_CALC_FOUND_ROWS * FROM `maskapai` WHERE (`` maskapai ``.`Maskapai_ID` LIKE '%c%' OR `` maskapai ``.`Maskapai_nama` LIKE '%c%') ORDER BY `Maskapai_nama` ASC LIMIT 10 made by do_action('wp_ajax_get_wdtable'), WP_Hook->do_action, WP_Hook->apply_filters, wdtGetAjaxData, WPDataTable->queryBasedConstruct
[03-Dec-2020 21:31:32 UTC] WordPress database error You have an error in your SQL syntax; check the manual that corresponds to your MySQL server version for the right syntax to use near 'maskapai ``.`Maskapai_ID` LIKE '%citi%' OR `` maskapai ``.`Maskapai_nama` LIKE '' at line 1 for query SELECT SQL_CALC_FOUND_ROWS * FROM `maskapai` WHERE (`` maskapai ``.`Maskapai_ID` LIKE '%citi%' OR `` maskapai ``.`Maskapai_nama` LIKE '%citi%') ORDER BY `Maskapai_nama` ASC LIMIT 10 made by do_action('wp_ajax_get_wdtable'), WP_Hook->do_action, WP_Hook->apply_filters, wdtGetAjaxData, WPDataTable->queryBasedConstruct
[03-Dec-2020 21:31:32 UTC] WordPress database error You have an error in your SQL syntax; check the manual that corresponds to your MySQL server version for the right syntax to use near 'maskapai ``.`Maskapai_ID` LIKE '%citilin%' OR `` maskapai ``.`Maskapai_nama` LIK' at line 1 for query SELECT SQL_CALC_FOUND_ROWS * FROM `maskapai` WHERE (`` maskapai ``.`Maskapai_ID` LIKE '%citilin%' OR `` maskapai ``.`Maskapai_nama` LIKE '%citilin%') ORDER BY `Maskapai_nama` ASC LIMIT 10 made by do_action('wp_ajax_get_wdtable'), WP_Hook->do_action, WP_Hook->apply_filters, wdtGetAjaxData, WPDataTable->queryBasedConstruct
[03-Dec-2020 21:31:33 UTC] WordPress database error You have an error in your SQL syntax; check the manual that corresponds to your MySQL server version for the right syntax to use near 'maskapai ``.`Maskapai_ID` LIKE '%citilin%' OR `` maskapai ``.`Maskapai_nama` LIK' at line 1 for query SELECT SQL_CALC_FOUND_ROWS * FROM `maskapai` WHERE (`` maskapai ``.`Maskapai_ID` LIKE '%citilin%' OR `` maskapai ``.`Maskapai_nama` LIKE '%citilin%') ORDER BY `Maskapai_nama` ASC LIMIT 10 made by do_action('wp_ajax_get_wdtable'), WP_Hook->do_action, WP_Hook->apply_filters, wdtGetAjaxData, WPDataTable->queryBasedConstruct
[03-Dec-2020 21:31:33 UTC] WordPress database error You have an error in your SQL syntax; check the manual that corresponds to your MySQL server version for the right syntax to use near 'maskapai ``.`Maskapai_ID` LIKE '%citilin%' OR `` maskapai ``.`Maskapai_nama` LIK' at line 1 for query SELECT SQL_CALC_FOUND_ROWS * FROM `maskapai` WHERE (`` maskapai ``.`Maskapai_ID` LIKE '%citilin%' OR `` maskapai ``.`Maskapai_nama` LIKE '%citilin%') ORDER BY `Maskapai_nama` ASC LIMIT 10 made by do_action('wp_ajax_get_wdtable'), WP_Hook->do_action, WP_Hook->apply_filters, wdtGetAjaxData, WPDataTable->queryBasedConstruct
[03-Dec-2020 21:31:33 UTC] WordPress database error You have an error in your SQL syntax; check the manual that corresponds to your MySQL server version for the right syntax to use near 'maskapai ``.`Maskapai_ID` LIKE '%citilin%' OR `` maskapai ``.`Maskapai_nama` LIK' at line 1 for query SELECT SQL_CALC_FOUND_ROWS * FROM `maskapai` WHERE (`` maskapai ``.`Maskapai_ID` LIKE '%citilin%' OR `` maskapai ``.`Maskapai_nama` LIKE '%citilin%') ORDER BY `Maskapai_nama` ASC LIMIT 10 made by do_action('wp_ajax_get_wdtable'), WP_Hook->do_action, WP_Hook->apply_filters, wdtGetAjaxData, WPDataTable->queryBasedConstruct
[03-Dec-2020 21:31:33 UTC] WordPress database error You have an error in your SQL syntax; check the manual that corresponds to your MySQL server version for the right syntax to use near 'maskapai ``.`Maskapai_ID` LIKE '%citilink%' OR `` maskapai ``.`Maskapai_nama` LI' at line 1 for query SELECT SQL_CALC_FOUND_ROWS * FROM `maskapai` WHERE (`` maskapai ``.`Maskapai_ID` LIKE '%citilink%' OR `` maskapai ``.`Maskapai_nama` LIKE '%citilink%') ORDER BY `Maskapai_nama` ASC LIMIT 10 made by do_action('wp_ajax_get_wdtable'), WP_Hook->do_action, WP_Hook->apply_filters, wdtGetAjaxData, WPDataTable->queryBasedConstruct
[03-Dec-2020 21:31:33 UTC] WordPress database error You have an error in your SQL syntax; check the manual that corresponds to your MySQL server version for the right syntax to use near 'maskapai ``.`Maskapai_ID` LIKE '%citilink%' OR `` maskapai ``.`Maskapai_nama` LI' at line 1 for query SELECT SQL_CALC_FOUND_ROWS * FROM `maskapai` WHERE (`` maskapai ``.`Maskapai_ID` LIKE '%citilink%' OR `` maskapai ``.`Maskapai_nama` LIKE '%citilink%') ORDER BY `Maskapai_nama` ASC LIMIT 10 made by do_action('wp_ajax_get_wdtable'), WP_Hook->do_action, WP_Hook->apply_filters, wdtGetAjaxData, WPDataTable->queryBasedConstruct
[03-Dec-2020 21:31:34 UTC] WordPress database error You have an error in your SQL syntax; check the manual that corresponds to your MySQL server version for the right syntax to use near 'maskapai ``.`Maskapai_ID` LIKE '%citilin%' OR `` maskapai ``.`Maskapai_nama` LIK' at line 1 for query SELECT SQL_CALC_FOUND_ROWS * FROM `maskapai` WHERE (`` maskapai ``.`Maskapai_ID` LIKE '%citilin%' OR `` maskapai ``.`Maskapai_nama` LIKE '%citilin%') ORDER BY `Maskapai_nama` ASC LIMIT 10 made by do_action('wp_ajax_get_wdtable'), WP_Hook->do_action, WP_Hook->apply_filters, wdtGetAjaxData, WPDataTable->queryBasedConstruct
[03-Dec-2020 21:31:34 UTC] WordPress database error You have an error in your SQL syntax; check the manual that corresponds to your MySQL server version for the right syntax to use near 'maskapai ``.`Maskapai_ID` LIKE '%citilin%' OR `` maskapai ``.`Maskapai_nama` LIK' at line 1 for query SELECT SQL_CALC_FOUND_ROWS * FROM `maskapai` WHERE (`` maskapai ``.`Maskapai_ID` LIKE '%citilin%' OR `` maskapai ``.`Maskapai_nama` LIKE '%citilin%') ORDER BY `Maskapai_nama` ASC LIMIT 10 made by do_action('wp_ajax_get_wdtable'), WP_Hook->do_action, WP_Hook->apply_filters, wdtGetAjaxData, WPDataTable->queryBasedConstruct
[03-Dec-2020 21:31:34 UTC] WordPress database error You have an error in your SQL syntax; check the manual that corresponds to your MySQL server version for the right syntax to use near 'maskapai ``.`Maskapai_ID` LIKE '%citili%' OR `` maskapai ``.`Maskapai_nama` LIKE' at line 1 for query SELECT SQL_CALC_FOUND_ROWS * FROM `maskapai` WHERE (`` maskapai ``.`Maskapai_ID` LIKE '%citili%' OR `` maskapai ``.`Maskapai_nama` LIKE '%citili%') ORDER BY `Maskapai_nama` ASC LIMIT 10 made by do_action('wp_ajax_get_wdtable'), WP_Hook->do_action, WP_Hook->apply_filters, wdtGetAjaxData, WPDataTable->queryBasedConstruct
[03-Dec-2020 21:35:39 UTC] WordPress database error You have an error in your SQL syntax; check the manual that corresponds to your MySQL server version for the right syntax to use near '`Maskapai_Maskapai_ID' = '1' LIMIT 10' at line 1 for query SELECT * FROM `flight number` WHERE `Maskapai_Maskapai_ID' = '1' LIMIT 10 made by do_action('wp_ajax_wpdatatables_save_table_config'), WP_Hook->do_action, WP_Hook->apply_filters, wdtSaveTableWithColumns, WDTConfigController::saveTableConfig, WDTConfigController::tryCreateTable, WPDataTable->fillFromData, WPDataTable->queryBasedConstruct
[03-Dec-2020 22:04:13 UTC] WordPress database error Cannot delete or update a parent row: a foreign key constraint fails (`local`.`equipment`, CONSTRAINT `fk_Equipment_Maskapai` FOREIGN KEY (`Maskapai_Maskapai_ID`) REFERENCES `maskapai` (`Maskapai_ID`)) for query DELETE FROM `maskapai` WHERE `Maskapai_ID` = '1' made by do_action('wp_ajax_wdt_delete_table_row'), WP_Hook->do_action, WP_Hook->apply_filters, wdtDeleteTableRow
[03-Dec-2020 22:12:06 UTC] PHP Warning:  An unexpected error occurred. Something may be wrong with WordPress.org or this server&#8217;s configuration. If you continue to have problems, please try the <a href="https://wordpress.org/support/forums/">support forums</a>. (WordPress could not establish a secure connection to WordPress.org. Please contact your server administrator.) in C:\Users\rafly\Local Sites\groundcrewdb\app\public\wp-includes\update.php on line 403
[03-Dec-2020 22:12:06 UTC] PHP Stack trace:
[03-Dec-2020 22:12:06 UTC] PHP   1. {main}() C:\Users\rafly\Local Sites\groundcrewdb\app\public\wp-admin\update.php:0
[03-Dec-2020 22:12:06 UTC] PHP   2. Plugin_Upgrader->install() C:\Users\rafly\Local Sites\groundcrewdb\app\public\wp-admin\update.php:171
[03-Dec-2020 22:12:06 UTC] PHP   3. Plugin_Upgrader->run() C:\Users\rafly\Local Sites\groundcrewdb\app\public\wp-admin\includes\class-plugin-upgrader.php:137
[03-Dec-2020 22:12:06 UTC] PHP   4. do_action() C:\Users\rafly\Local Sites\groundcrewdb\app\public\wp-admin\includes\class-wp-upgrader.php:847
[03-Dec-2020 22:12:06 UTC] PHP   5. WP_Hook->do_action() C:\Users\rafly\Local Sites\groundcrewdb\app\public\wp-includes\plugin.php:478
[03-Dec-2020 22:12:06 UTC] PHP   6. WP_Hook->apply_filters() C:\Users\rafly\Local Sites\groundcrewdb\app\public\wp-includes\class-wp-hook.php:311
[03-Dec-2020 22:12:06 UTC] PHP   7. wp_update_plugins() C:\Users\rafly\Local Sites\groundcrewdb\app\public\wp-includes\class-wp-hook.php:285
[03-Dec-2020 22:12:06 UTC] PHP   8. trigger_error() C:\Users\rafly\Local Sites\groundcrewdb\app\public\wp-includes\update.php:403
[03-Dec-2020 22:12:12 UTC] PHP Warning:  An unexpected error occurred. Something may be wrong with WordPress.org or this server&#8217;s configuration. If you continue to have problems, please try the <a href="https://wordpress.org/support/forums/">support forums</a>. (WordPress could not establish a secure connection to WordPress.org. Please contact your server administrator.) in C:\Users\rafly\Local Sites\groundcrewdb\app\public\wp-includes\update.php on line 607
[03-Dec-2020 22:12:12 UTC] PHP Stack trace:
[03-Dec-2020 22:12:12 UTC] PHP   1. {main}() C:\Users\rafly\Local Sites\groundcrewdb\app\public\wp-admin\update.php:0
[03-Dec-2020 22:12:12 UTC] PHP   2. Plugin_Upgrader->install() C:\Users\rafly\Local Sites\groundcrewdb\app\public\wp-admin\update.php:171
[03-Dec-2020 22:12:12 UTC] PHP   3. Plugin_Upgrader->run() C:\Users\rafly\Local Sites\groundcrewdb\app\public\wp-admin\includes\class-plugin-upgrader.php:137
[03-Dec-2020 22:12:12 UTC] PHP   4. do_action() C:\Users\rafly\Local Sites\groundcrewdb\app\public\wp-admin\includes\class-wp-upgrader.php:847
[03-Dec-2020 22:12:12 UTC] PHP   5. WP_Hook->do_action() C:\Users\rafly\Local Sites\groundcrewdb\app\public\wp-includes\plugin.php:478
[03-Dec-2020 22:12:12 UTC] PHP   6. WP_Hook->apply_filters() C:\Users\rafly\Local Sites\groundcrewdb\app\public\wp-includes\class-wp-hook.php:311
[03-Dec-2020 22:12:12 UTC] PHP   7. wp_update_themes() C:\Users\rafly\Local Sites\groundcrewdb\app\public\wp-includes\class-wp-hook.php:285
[03-Dec-2020 22:12:12 UTC] PHP   8. trigger_error() C:\Users\rafly\Local Sites\groundcrewdb\app\public\wp-includes\update.php:607
